This file contains any messages produced by compilers while
running configure, to aid debugging if configure makes a mistake.

It was created by htop configure 3.4.1, which was
generated by GNU Autoconf 2.71.  Invocation command line was

  $ ./configure

## --------- ##
## Platform. ##
## --------- ##

hostname = gram
uname -m = x86_64
uname -r = 6.11.0-29-generic
uname -s = Linux
uname -v = #29~24.04.1-Ubuntu SMP PREEMPT_DYNAMIC Thu Jun 26 14:16:59 UTC 2

/usr/bin/uname -p = x86_64
/bin/uname -X     = unknown

/bin/arch              = x86_64
/usr/bin/arch -k       = unknown
/usr/convex/getsysinfo = unknown
/usr/bin/hostinfo      = unknown
/bin/machine           = unknown
/usr/bin/oslevel       = unknown
/bin/universe          = unknown

PATH: /usr/local/sbin/
PATH: /usr/local/bin/
PATH: /usr/sbin/
PATH: /usr/bin/
PATH: /sbin/
PATH: /bin/
PATH: /usr/games/
PATH: /usr/local/games/
PATH: /snap/bin/
PATH: /snap/bin/


## ----------- ##
## Core tests. ##
## ----------- ##

configure:2584: looking for aux files: compile missing install-sh config.guess config.sub
configure:2597:  trying ./build-aux/
configure:2626:   ./build-aux/compile found
configure:2626:   ./build-aux/missing found
configure:2608:   ./build-aux/install-sh found
configure:2626:   ./build-aux/config.guess found
configure:2626:   ./build-aux/config.sub found
configure:2750: checking build system type
configure:2765: result: x86_64-pc-linux-gnu
configure:2785: checking host system type
configure:2799: result: x86_64-pc-linux-gnu
configure:2836: checking for a BSD-compatible install
configure:2909: result: /usr/bin/install -c
configure:2920: checking whether build environment is sane
configure:2975: result: yes
configure:3134: checking for a race-free mkdir -p
configure:3178: result: /usr/bin/mkdir -p
configure:3185: checking for gawk
configure:3220: result: no
configure:3185: checking for mawk
configure:3206: found /usr/bin/mawk
configure:3217: result: mawk
configure:3228: checking whether make sets $(MAKE)
configure:3251: result: yes
configure:3281: checking whether make supports nested variables
configure:3299: result: yes
configure:3508: checking whether make supports the include directive
configure:3523: make -f confmf.GNU && cat confinc.out
this is the am__doit target
configure:3526: $? = 0
configure:3545: result: yes (GNU style)
configure:3621: checking for gcc
configure:3642: found /usr/bin/gcc
configure:3653: result: gcc
configure:4006: checking for C compiler version
configure:4015: gcc --version >&5
gcc (Ubuntu 13.3.0-6ubuntu2~24.04) 13.3.0
Copyright (C) 2023 Free Software Foundation, Inc.
This is free software; see the source for copying conditions.  There is NO
warranty; not even for MERCHANTABILITY or FITNESS FOR A PARTICULAR PURPOSE.

configure:4026: $? = 0
configure:4015: gcc -v >&5
Using built-in specs.
COLLECT_GCC=gcc
COLLECT_LTO_WRAPPER=/usr/libexec/gcc/x86_64-linux-gnu/13/lto-wrapper
OFFLOAD_TARGET_NAMES=nvptx-none:amdgcn-amdhsa
OFFLOAD_TARGET_DEFAULT=1
Target: x86_64-linux-gnu
Configured with: ../src/configure -v --with-pkgversion='Ubuntu 13.3.0-6ubuntu2~24.04' --with-bugurl=file:///usr/share/doc/gcc-13/README.Bugs --enable-languages=c,ada,c++,go,d,fortran,objc,obj-c++,m2 --prefix=/usr --with-gcc-major-version-only --program-suffix=-13 --program-prefix=x86_64-linux-gnu- --enable-shared --enable-linker-build-id --libexecdir=/usr/libexec --without-included-gettext --enable-threads=posix --libdir=/usr/lib --enable-nls --enable-bootstrap --enable-clocale=gnu --enable-libstdcxx-debug --enable-libstdcxx-time=yes --with-default-libstdcxx-abi=new --enable-libstdcxx-backtrace --enable-gnu-unique-object --disable-vtable-verify --enable-plugin --enable-default-pie --with-system-zlib --enable-libphobos-checking=release --with-target-system-zlib=auto --enable-objc-gc=auto --enable-multiarch --disable-werror --enable-cet --with-arch-32=i686 --with-abi=m64 --with-multilib-list=m32,m64,mx32 --enable-multilib --with-tune=generic --enable-offload-targets=nvptx-none=/build/gcc-13-fG75Ri/gcc-13-13.3.0/debian/tmp-nvptx/usr,amdgcn-amdhsa=/build/gcc-13-fG75Ri/gcc-13-13.3.0/debian/tmp-gcn/usr --enable-offload-defaulted --without-cuda-driver --enable-checking=release --build=x86_64-linux-gnu --host=x86_64-linux-gnu --target=x86_64-linux-gnu --with-build-config=bootstrap-lto-lean --enable-link-serialization=2
Thread model: posix
Supported LTO compression algorithms: zlib zstd
gcc version 13.3.0 (Ubuntu 13.3.0-6ubuntu2~24.04) 
... rest of stderr output deleted ...
configure:4026: $? = 0
configure:4015: gcc -V >&5
gcc: error: unrecognized command-line option '-V'
gcc: fatal error: no input files
compilation terminated.
configure:4026: $? = 1
configure:4015: gcc -qversion >&5
gcc: error: unrecognized command-line option '-qversion'; did you mean '--version'?
gcc: fatal error: no input files
compilation terminated.
configure:4026: $? = 1
configure:4015: gcc -version >&5
gcc: error: unrecognized command-line option '-version'
gcc: fatal error: no input files
compilation terminated.
configure:4026: $? = 1
configure:4046: checking whether the C compiler works
configure:4068: gcc    conftest.c  >&5
configure:4072: $? = 0
configure:4122: result: yes
configure:4125: checking for C compiler default output file name
configure:4127: result: a.out
configure:4133: checking for suffix of executables
configure:4140: gcc -o conftest    conftest.c  >&5
configure:4144: $? = 0
configure:4167: result: 
configure:4189: checking whether we are cross compiling
configure:4197: gcc -o conftest    conftest.c  >&5
configure:4201: $? = 0
configure:4208: ./conftest
configure:4212: $? = 0
configure:4227: result: no
configure:4232: checking for suffix of object files
configure:4255: gcc -c   conftest.c >&5
configure:4259: $? = 0
configure:4281: result: o
configure:4285: checking whether the compiler supports GNU C
configure:4305: gcc -c   conftest.c >&5
configure:4305: $? = 0
configure:4315: result: yes
configure:4326: checking whether gcc accepts -g
configure:4347: gcc -c -g  conftest.c >&5
configure:4347: $? = 0
configure:4391: result: yes
configure:4411: checking for gcc option to enable C11 features
configure:4426: gcc  -c -g -O2  conftest.c >&5
configure:4426: $? = 0
configure:4444: result: none needed
configure:4560: checking whether gcc understands -c and -o together
configure:4583: gcc -c conftest.c -o conftest2.o
configure:4586: $? = 0
configure:4583: gcc -c conftest.c -o conftest2.o
configure:4586: $? = 0
configure:4598: result: yes
configure:4617: checking dependency style of gcc
configure:4729: result: gcc3
configure:4749: checking for stdio.h
configure:4749: gcc -c -g -O2  conftest.c >&5
configure:4749: $? = 0
configure:4749: result: yes
configure:4749: checking for stdlib.h
configure:4749: gcc -c -g -O2  conftest.c >&5
configure:4749: $? = 0
configure:4749: result: yes
configure:4749: checking for string.h
configure:4749: gcc -c -g -O2  conftest.c >&5
configure:4749: $? = 0
configure:4749: result: yes
configure:4749: checking for inttypes.h
configure:4749: gcc -c -g -O2  conftest.c >&5
configure:4749: $? = 0
configure:4749: result: yes
configure:4749: checking for stdint.h
configure:4749: gcc -c -g -O2  conftest.c >&5
configure:4749: $? = 0
configure:4749: result: yes
configure:4749: checking for strings.h
configure:4749: gcc -c -g -O2  conftest.c >&5
configure:4749: $? = 0
configure:4749: result: yes
configure:4749: checking for sys/stat.h
configure:4749: gcc -c -g -O2  conftest.c >&5
configure:4749: $? = 0
configure:4749: result: yes
configure:4749: checking for sys/types.h
configure:4749: gcc -c -g -O2  conftest.c >&5
configure:4749: $? = 0
configure:4749: result: yes
configure:4749: checking for unistd.h
configure:4749: gcc -c -g -O2  conftest.c >&5
configure:4749: $? = 0
configure:4749: result: yes
configure:4749: checking for wchar.h
configure:4749: gcc -c -g -O2  conftest.c >&5
configure:4749: $? = 0
configure:4749: result: yes
configure:4749: checking for minix/config.h
configure:4749: gcc -c -g -O2  conftest.c >&5
conftest.c:50:10: fatal error: minix/config.h: No such file or directory
   50 | #include <minix/config.h>
      |          ^~~~~~~~~~~~~~~~
compilation terminated.
configure:4749: $? = 1
configure: failed program was:
| /* confdefs.h */
| #define PACKAGE_NAME "htop"
| #define PACKAGE_TARNAME "htop"
| #define PACKAGE_VERSION "3.4.1"
| #define PACKAGE_STRING "htop 3.4.1"
| #define PACKAGE_BUGREPORT "htop@groups.io"
| #define PACKAGE_URL "https://htop.dev/"
| #define PACKAGE "htop"
| #define VERSION "3.4.1"
| #define HTOP_LINUX /**/
| #define HAVE_STDIO_H 1
| #define HAVE_STDLIB_H 1
| #define HAVE_STRING_H 1
| #define HAVE_INTTYPES_H 1
| #define HAVE_STDINT_H 1
| #define HAVE_STRINGS_H 1
| #define HAVE_SYS_STAT_H 1
| #define HAVE_SYS_TYPES_H 1
| #define HAVE_UNISTD_H 1
| #define HAVE_WCHAR_H 1
| /* end confdefs.h.  */
| #include <stddef.h>
| #ifdef HAVE_STDIO_H
| # include <stdio.h>
| #endif
| #ifdef HAVE_STDLIB_H
| # include <stdlib.h>
| #endif
| #ifdef HAVE_STRING_H
| # include <string.h>
| #endif
| #ifdef HAVE_INTTYPES_H
| # include <inttypes.h>
| #endif
| #ifdef HAVE_STDINT_H
| # include <stdint.h>
| #endif
| #ifdef HAVE_STRINGS_H
| # include <strings.h>
| #endif
| #ifdef HAVE_SYS_TYPES_H
| # include <sys/types.h>
| #endif
| #ifdef HAVE_SYS_STAT_H
| # include <sys/stat.h>
| #endif
| #ifdef HAVE_UNISTD_H
| # include <unistd.h>
| #endif
| #include <minix/config.h>
configure:4749: result: no
configure:4780: checking whether it is safe to define __EXTENSIONS__
configure:4799: gcc -c -g -O2  conftest.c >&5
configure:4799: $? = 0
configure:4807: result: yes
configure:4810: checking whether _XOPEN_SOURCE should be defined
configure:4832: gcc -c -g -O2  conftest.c >&5
configure:4832: $? = 0
configure:4859: result: no
configure:4934: checking for special C compiler options needed for large files
configure:4982: result: no
configure:4988: checking for _FILE_OFFSET_BITS value needed for large files
configure:5014: gcc -c -g -O2  conftest.c >&5
configure:5014: $? = 0
configure:5048: result: no
configure:5191: checking for gcc
configure:5223: result: gcc
configure:5576: checking for C compiler version
configure:5585: gcc --version >&5
gcc (Ubuntu 13.3.0-6ubuntu2~24.04) 13.3.0
Copyright (C) 2023 Free Software Foundation, Inc.
This is free software; see the source for copying conditions.  There is NO
warranty; not even for MERCHANTABILITY or FITNESS FOR A PARTICULAR PURPOSE.

configure:5596: $? = 0
configure:5585: gcc -v >&5
Using built-in specs.
COLLECT_GCC=gcc
COLLECT_LTO_WRAPPER=/usr/libexec/gcc/x86_64-linux-gnu/13/lto-wrapper
OFFLOAD_TARGET_NAMES=nvptx-none:amdgcn-amdhsa
OFFLOAD_TARGET_DEFAULT=1
Target: x86_64-linux-gnu
Configured with: ../src/configure -v --with-pkgversion='Ubuntu 13.3.0-6ubuntu2~24.04' --with-bugurl=file:///usr/share/doc/gcc-13/README.Bugs --enable-languages=c,ada,c++,go,d,fortran,objc,obj-c++,m2 --prefix=/usr --with-gcc-major-version-only --program-suffix=-13 --program-prefix=x86_64-linux-gnu- --enable-shared --enable-linker-build-id --libexecdir=/usr/libexec --without-included-gettext --enable-threads=posix --libdir=/usr/lib --enable-nls --enable-bootstrap --enable-clocale=gnu --enable-libstdcxx-debug --enable-libstdcxx-time=yes --with-default-libstdcxx-abi=new --enable-libstdcxx-backtrace --enable-gnu-unique-object --disable-vtable-verify --enable-plugin --enable-default-pie --with-system-zlib --enable-libphobos-checking=release --with-target-system-zlib=auto --enable-objc-gc=auto --enable-multiarch --disable-werror --enable-cet --with-arch-32=i686 --with-abi=m64 --with-multilib-list=m32,m64,mx32 --enable-multilib --with-tune=generic --enable-offload-targets=nvptx-none=/build/gcc-13-fG75Ri/gcc-13-13.3.0/debian/tmp-nvptx/usr,amdgcn-amdhsa=/build/gcc-13-fG75Ri/gcc-13-13.3.0/debian/tmp-gcn/usr --enable-offload-defaulted --without-cuda-driver --enable-checking=release --build=x86_64-linux-gnu --host=x86_64-linux-gnu --target=x86_64-linux-gnu --with-build-config=bootstrap-lto-lean --enable-link-serialization=2
Thread model: posix
Supported LTO compression algorithms: zlib zstd
gcc version 13.3.0 (Ubuntu 13.3.0-6ubuntu2~24.04) 
... rest of stderr output deleted ...
configure:5596: $? = 0
configure:5585: gcc -V >&5
gcc: error: unrecognized command-line option '-V'
gcc: fatal error: no input files
compilation terminated.
configure:5596: $? = 1
configure:5585: gcc -qversion >&5
gcc: error: unrecognized command-line option '-qversion'; did you mean '--version'?
gcc: fatal error: no input files
compilation terminated.
configure:5596: $? = 1
configure:5585: gcc -version >&5
gcc: error: unrecognized command-line option '-version'
gcc: fatal error: no input files
compilation terminated.
configure:5596: $? = 1
configure:5600: checking whether the compiler supports GNU C
configure:5630: result: yes
configure:5641: checking whether gcc accepts -g
configure:5706: result: yes
configure:5726: checking for gcc option to enable C11 features
configure:5759: result: none needed
configure:5875: checking whether gcc understands -c and -o together
configure:5913: result: yes
configure:5932: checking dependency style of gcc
configure:6044: result: gcc3
configure:6209: checking for dirent.h that defines DIR
configure:6229: gcc -c -g -O2  conftest.c >&5
configure:6229: $? = 0
configure:6238: result: yes
configure:6252: checking for library containing opendir
configure:6282: gcc -o conftest -g -O2   conftest.c  >&5
configure:6282: $? = 0
configure:6302: result: none required
configure:6377: checking for stdlib.h
configure:6377: result: yes
configure:6377: checking for string.h
configure:6377: result: yes
configure:6377: checking for strings.h
configure:6377: result: yes
configure:6377: checking for sys/param.h
configure:6377: gcc -c -g -O2  conftest.c >&5
configure:6377: $? = 0
configure:6377: result: yes
configure:6377: checking for sys/time.h
configure:6377: gcc -c -g -O2  conftest.c >&5
configure:6377: $? = 0
configure:6377: result: yes
configure:6377: checking for sys/utsname.h
configure:6377: gcc -c -g -O2  conftest.c >&5
configure:6377: $? = 0
configure:6377: result: yes
configure:6377: checking for unistd.h
configure:6377: result: yes
configure:6391: checking for sys/mkdev.h
configure:6391: gcc -c -g -O2  conftest.c >&5
conftest.c:76:10: fatal error: sys/mkdev.h: No such file or directory
   76 | #include <sys/mkdev.h>
      |          ^~~~~~~~~~~~~
compilation terminated.
configure:6391: $? = 1
configure: failed program was:
| /* confdefs.h */
| #define PACKAGE_NAME "htop"
| #define PACKAGE_TARNAME "htop"
| #define PACKAGE_VERSION "3.4.1"
| #define PACKAGE_STRING "htop 3.4.1"
| #define PACKAGE_BUGREPORT "htop@groups.io"
| #define PACKAGE_URL "https://htop.dev/"
| #define PACKAGE "htop"
| #define VERSION "3.4.1"
| #define HTOP_LINUX /**/
| #define HAVE_STDIO_H 1
| #define HAVE_STDLIB_H 1
| #define HAVE_STRING_H 1
| #define HAVE_INTTYPES_H 1
| #define HAVE_STDINT_H 1
| #define HAVE_STRINGS_H 1
| #define HAVE_SYS_STAT_H 1
| #define HAVE_SYS_TYPES_H 1
| #define HAVE_UNISTD_H 1
| #define HAVE_WCHAR_H 1
| #define STDC_HEADERS 1
| #define _ALL_SOURCE 1
| #define _DARWIN_C_SOURCE 1
| #define _GNU_SOURCE 1
| #define _HPUX_ALT_XOPEN_SOCKET_API 1
| #define _NETBSD_SOURCE 1
| #define _OPENBSD_SOURCE 1
| #define _POSIX_PTHREAD_SEMANTICS 1
| #define __STDC_WANT_IEC_60559_ATTRIBS_EXT__ 1
| #define __STDC_WANT_IEC_60559_BFP_EXT__ 1
| #define __STDC_WANT_IEC_60559_DFP_EXT__ 1
| #define __STDC_WANT_IEC_60559_FUNCS_EXT__ 1
| #define __STDC_WANT_IEC_60559_TYPES_EXT__ 1
| #define __STDC_WANT_LIB_EXT2__ 1
| #define __STDC_WANT_MATH_SPEC_FUNCS__ 1
| #define _TANDEM_SOURCE 1
| #define __EXTENSIONS__ 1
| #define _XOPEN_SOURCE_EXTENDED 1
| #define HAVE_DIRENT_H 1
| #define HAVE_STDLIB_H 1
| #define HAVE_STRING_H 1
| #define HAVE_STRINGS_H 1
| #define HAVE_SYS_PARAM_H 1
| #define HAVE_SYS_TIME_H 1
| #define HAVE_SYS_UTSNAME_H 1
| #define HAVE_UNISTD_H 1
| /* end confdefs.h.  */
| #include <stddef.h>
| #ifdef HAVE_STDIO_H
| # include <stdio.h>
| #endif
| #ifdef HAVE_STDLIB_H
| # include <stdlib.h>
| #endif
| #ifdef HAVE_STRING_H
| # include <string.h>
| #endif
| #ifdef HAVE_INTTYPES_H
| # include <inttypes.h>
| #endif
| #ifdef HAVE_STDINT_H
| # include <stdint.h>
| #endif
| #ifdef HAVE_STRINGS_H
| # include <strings.h>
| #endif
| #ifdef HAVE_SYS_TYPES_H
| # include <sys/types.h>
| #endif
| #ifdef HAVE_SYS_STAT_H
| # include <sys/stat.h>
| #endif
| #ifdef HAVE_UNISTD_H
| # include <unistd.h>
| #endif
| #include <sys/mkdev.h>
configure:6391: result: no
configure:6400: checking for sys/sysmacros.h
configure:6400: gcc -c -g -O2  conftest.c >&5
configure:6400: $? = 0
configure:6400: result: yes
configure:6414: checking for execinfo.h
configure:6414: gcc -c -g -O2  conftest.c >&5
configure:6414: $? = 0
configure:6414: result: yes
configure:6439: checking for mbstate_t
configure:6457: gcc -c -g -O2  conftest.c >&5
configure:6457: $? = 0
configure:6465: result: yes
configure:6476: checking for mode_t
configure:6476: gcc -c -g -O2  conftest.c >&5
configure:6476: $? = 0
configure:6476: gcc -c -g -O2  conftest.c >&5
conftest.c: In function 'main':
conftest.c:82:21: error: expected expression before ')' token
   82 | if (sizeof ((mode_t)))
      |                     ^
configure:6476: $? = 1
configure: failed program was:
| /* confdefs.h */
| #define PACKAGE_NAME "htop"
| #define PACKAGE_TARNAME "htop"
| #define PACKAGE_VERSION "3.4.1"
| #define PACKAGE_STRING "htop 3.4.1"
| #define PACKAGE_BUGREPORT "htop@groups.io"
| #define PACKAGE_URL "https://htop.dev/"
| #define PACKAGE "htop"
| #define VERSION "3.4.1"
| #define HTOP_LINUX /**/
| #define HAVE_STDIO_H 1
| #define HAVE_STDLIB_H 1
| #define HAVE_STRING_H 1
| #define HAVE_INTTYPES_H 1
| #define HAVE_STDINT_H 1
| #define HAVE_STRINGS_H 1
| #define HAVE_SYS_STAT_H 1
| #define HAVE_SYS_TYPES_H 1
| #define HAVE_UNISTD_H 1
| #define HAVE_WCHAR_H 1
| #define STDC_HEADERS 1
| #define _ALL_SOURCE 1
| #define _DARWIN_C_SOURCE 1
| #define _GNU_SOURCE 1
| #define _HPUX_ALT_XOPEN_SOCKET_API 1
| #define _NETBSD_SOURCE 1
| #define _OPENBSD_SOURCE 1
| #define _POSIX_PTHREAD_SEMANTICS 1
| #define __STDC_WANT_IEC_60559_ATTRIBS_EXT__ 1
| #define __STDC_WANT_IEC_60559_BFP_EXT__ 1
| #define __STDC_WANT_IEC_60559_DFP_EXT__ 1
| #define __STDC_WANT_IEC_60559_FUNCS_EXT__ 1
| #define __STDC_WANT_IEC_60559_TYPES_EXT__ 1
| #define __STDC_WANT_LIB_EXT2__ 1
| #define __STDC_WANT_MATH_SPEC_FUNCS__ 1
| #define _TANDEM_SOURCE 1
| #define __EXTENSIONS__ 1
| #define _XOPEN_SOURCE_EXTENDED 1
| #define HAVE_DIRENT_H 1
| #define HAVE_STDLIB_H 1
| #define HAVE_STRING_H 1
| #define HAVE_STRINGS_H 1
| #define HAVE_SYS_PARAM_H 1
| #define HAVE_SYS_TIME_H 1
| #define HAVE_SYS_UTSNAME_H 1
| #define HAVE_UNISTD_H 1
| #define MAJOR_IN_SYSMACROS 1
| #define HAVE_EXECINFO_H 1
| #define HAVE_MBSTATE_T 1
| /* end confdefs.h.  */
| #include <stddef.h>
| #ifdef HAVE_STDIO_H
| # include <stdio.h>
| #endif
| #ifdef HAVE_STDLIB_H
| # include <stdlib.h>
| #endif
| #ifdef HAVE_STRING_H
| # include <string.h>
| #endif
| #ifdef HAVE_INTTYPES_H
| # include <inttypes.h>
| #endif
| #ifdef HAVE_STDINT_H
| # include <stdint.h>
| #endif
| #ifdef HAVE_STRINGS_H
| # include <strings.h>
| #endif
| #ifdef HAVE_SYS_TYPES_H
| # include <sys/types.h>
| #endif
| #ifdef HAVE_SYS_STAT_H
| # include <sys/stat.h>
| #endif
| #ifdef HAVE_UNISTD_H
| # include <unistd.h>
| #endif
| int
| main (void)
| {
| if (sizeof ((mode_t)))
| 	    return 0;
|   ;
|   return 0;
| }
configure:6476: result: yes
configure:6486: checking for off_t
configure:6486: gcc -c -g -O2  conftest.c >&5
configure:6486: $? = 0
configure:6486: gcc -c -g -O2  conftest.c >&5
conftest.c: In function 'main':
conftest.c:82:20: error: expected expression before ')' token
   82 | if (sizeof ((off_t)))
      |                    ^
configure:6486: $? = 1
configure: failed program was:
| /* confdefs.h */
| #define PACKAGE_NAME "htop"
| #define PACKAGE_TARNAME "htop"
| #define PACKAGE_VERSION "3.4.1"
| #define PACKAGE_STRING "htop 3.4.1"
| #define PACKAGE_BUGREPORT "htop@groups.io"
| #define PACKAGE_URL "https://htop.dev/"
| #define PACKAGE "htop"
| #define VERSION "3.4.1"
| #define HTOP_LINUX /**/
| #define HAVE_STDIO_H 1
| #define HAVE_STDLIB_H 1
| #define HAVE_STRING_H 1
| #define HAVE_INTTYPES_H 1
| #define HAVE_STDINT_H 1
| #define HAVE_STRINGS_H 1
| #define HAVE_SYS_STAT_H 1
| #define HAVE_SYS_TYPES_H 1
| #define HAVE_UNISTD_H 1
| #define HAVE_WCHAR_H 1
| #define STDC_HEADERS 1
| #define _ALL_SOURCE 1
| #define _DARWIN_C_SOURCE 1
| #define _GNU_SOURCE 1
| #define _HPUX_ALT_XOPEN_SOCKET_API 1
| #define _NETBSD_SOURCE 1
| #define _OPENBSD_SOURCE 1
| #define _POSIX_PTHREAD_SEMANTICS 1
| #define __STDC_WANT_IEC_60559_ATTRIBS_EXT__ 1
| #define __STDC_WANT_IEC_60559_BFP_EXT__ 1
| #define __STDC_WANT_IEC_60559_DFP_EXT__ 1
| #define __STDC_WANT_IEC_60559_FUNCS_EXT__ 1
| #define __STDC_WANT_IEC_60559_TYPES_EXT__ 1
| #define __STDC_WANT_LIB_EXT2__ 1
| #define __STDC_WANT_MATH_SPEC_FUNCS__ 1
| #define _TANDEM_SOURCE 1
| #define __EXTENSIONS__ 1
| #define _XOPEN_SOURCE_EXTENDED 1
| #define HAVE_DIRENT_H 1
| #define HAVE_STDLIB_H 1
| #define HAVE_STRING_H 1
| #define HAVE_STRINGS_H 1
| #define HAVE_SYS_PARAM_H 1
| #define HAVE_SYS_TIME_H 1
| #define HAVE_SYS_UTSNAME_H 1
| #define HAVE_UNISTD_H 1
| #define MAJOR_IN_SYSMACROS 1
| #define HAVE_EXECINFO_H 1
| #define HAVE_MBSTATE_T 1
| /* end confdefs.h.  */
| #include <stddef.h>
| #ifdef HAVE_STDIO_H
| # include <stdio.h>
| #endif
| #ifdef HAVE_STDLIB_H
| # include <stdlib.h>
| #endif
| #ifdef HAVE_STRING_H
| # include <string.h>
| #endif
| #ifdef HAVE_INTTYPES_H
| # include <inttypes.h>
| #endif
| #ifdef HAVE_STDINT_H
| # include <stdint.h>
| #endif
| #ifdef HAVE_STRINGS_H
| # include <strings.h>
| #endif
| #ifdef HAVE_SYS_TYPES_H
| # include <sys/types.h>
| #endif
| #ifdef HAVE_SYS_STAT_H
| # include <sys/stat.h>
| #endif
| #ifdef HAVE_UNISTD_H
| # include <unistd.h>
| #endif
| int
| main (void)
| {
| if (sizeof ((off_t)))
| 	    return 0;
|   ;
|   return 0;
| }
configure:6486: result: yes
configure:6497: checking for pid_t
configure:6497: gcc -c -g -O2  conftest.c >&5
configure:6497: $? = 0
configure:6497: gcc -c -g -O2  conftest.c >&5
conftest.c: In function 'main':
conftest.c:83:20: error: expected expression before ')' token
   83 | if (sizeof ((pid_t)))
      |                    ^
configure:6497: $? = 1
configure: failed program was:
| /* confdefs.h */
| #define PACKAGE_NAME "htop"
| #define PACKAGE_TARNAME "htop"
| #define PACKAGE_VERSION "3.4.1"
| #define PACKAGE_STRING "htop 3.4.1"
| #define PACKAGE_BUGREPORT "htop@groups.io"
| #define PACKAGE_URL "https://htop.dev/"
| #define PACKAGE "htop"
| #define VERSION "3.4.1"
| #define HTOP_LINUX /**/
| #define HAVE_STDIO_H 1
| #define HAVE_STDLIB_H 1
| #define HAVE_STRING_H 1
| #define HAVE_INTTYPES_H 1
| #define HAVE_STDINT_H 1
| #define HAVE_STRINGS_H 1
| #define HAVE_SYS_STAT_H 1
| #define HAVE_SYS_TYPES_H 1
| #define HAVE_UNISTD_H 1
| #define HAVE_WCHAR_H 1
| #define STDC_HEADERS 1
| #define _ALL_SOURCE 1
| #define _DARWIN_C_SOURCE 1
| #define _GNU_SOURCE 1
| #define _HPUX_ALT_XOPEN_SOCKET_API 1
| #define _NETBSD_SOURCE 1
| #define _OPENBSD_SOURCE 1
| #define _POSIX_PTHREAD_SEMANTICS 1
| #define __STDC_WANT_IEC_60559_ATTRIBS_EXT__ 1
| #define __STDC_WANT_IEC_60559_BFP_EXT__ 1
| #define __STDC_WANT_IEC_60559_DFP_EXT__ 1
| #define __STDC_WANT_IEC_60559_FUNCS_EXT__ 1
| #define __STDC_WANT_IEC_60559_TYPES_EXT__ 1
| #define __STDC_WANT_LIB_EXT2__ 1
| #define __STDC_WANT_MATH_SPEC_FUNCS__ 1
| #define _TANDEM_SOURCE 1
| #define __EXTENSIONS__ 1
| #define _XOPEN_SOURCE_EXTENDED 1
| #define HAVE_DIRENT_H 1
| #define HAVE_STDLIB_H 1
| #define HAVE_STRING_H 1
| #define HAVE_STRINGS_H 1
| #define HAVE_SYS_PARAM_H 1
| #define HAVE_SYS_TIME_H 1
| #define HAVE_SYS_UTSNAME_H 1
| #define HAVE_UNISTD_H 1
| #define MAJOR_IN_SYSMACROS 1
| #define HAVE_EXECINFO_H 1
| #define HAVE_MBSTATE_T 1
| /* end confdefs.h.  */
| #include <stddef.h>
| #ifdef HAVE_STDIO_H
| # include <stdio.h>
| #endif
| #ifdef HAVE_STDLIB_H
| # include <stdlib.h>
| #endif
| #ifdef HAVE_STRING_H
| # include <string.h>
| #endif
| #ifdef HAVE_INTTYPES_H
| # include <inttypes.h>
| #endif
| #ifdef HAVE_STDINT_H
| # include <stdint.h>
| #endif
| #ifdef HAVE_STRINGS_H
| # include <strings.h>
| #endif
| #ifdef HAVE_SYS_TYPES_H
| # include <sys/types.h>
| #endif
| #ifdef HAVE_SYS_STAT_H
| # include <sys/stat.h>
| #endif
| #ifdef HAVE_UNISTD_H
| # include <unistd.h>
| #endif
| 
| int
| main (void)
| {
| if (sizeof ((pid_t)))
| 	    return 0;
|   ;
|   return 0;
| }
configure:6497: result: yes
configure:6533: checking for size_t
configure:6533: gcc -c -g -O2  conftest.c >&5
configure:6533: $? = 0
configure:6533: gcc -c -g -O2  conftest.c >&5
conftest.c: In function 'main':
conftest.c:82:21: error: expected expression before ')' token
   82 | if (sizeof ((size_t)))
      |                     ^
configure:6533: $? = 1
configure: failed program was:
| /* confdefs.h */
| #define PACKAGE_NAME "htop"
| #define PACKAGE_TARNAME "htop"
| #define PACKAGE_VERSION "3.4.1"
| #define PACKAGE_STRING "htop 3.4.1"
| #define PACKAGE_BUGREPORT "htop@groups.io"
| #define PACKAGE_URL "https://htop.dev/"
| #define PACKAGE "htop"
| #define VERSION "3.4.1"
| #define HTOP_LINUX /**/
| #define HAVE_STDIO_H 1
| #define HAVE_STDLIB_H 1
| #define HAVE_STRING_H 1
| #define HAVE_INTTYPES_H 1
| #define HAVE_STDINT_H 1
| #define HAVE_STRINGS_H 1
| #define HAVE_SYS_STAT_H 1
| #define HAVE_SYS_TYPES_H 1
| #define HAVE_UNISTD_H 1
| #define HAVE_WCHAR_H 1
| #define STDC_HEADERS 1
| #define _ALL_SOURCE 1
| #define _DARWIN_C_SOURCE 1
| #define _GNU_SOURCE 1
| #define _HPUX_ALT_XOPEN_SOCKET_API 1
| #define _NETBSD_SOURCE 1
| #define _OPENBSD_SOURCE 1
| #define _POSIX_PTHREAD_SEMANTICS 1
| #define __STDC_WANT_IEC_60559_ATTRIBS_EXT__ 1
| #define __STDC_WANT_IEC_60559_BFP_EXT__ 1
| #define __STDC_WANT_IEC_60559_DFP_EXT__ 1
| #define __STDC_WANT_IEC_60559_FUNCS_EXT__ 1
| #define __STDC_WANT_IEC_60559_TYPES_EXT__ 1
| #define __STDC_WANT_LIB_EXT2__ 1
| #define __STDC_WANT_MATH_SPEC_FUNCS__ 1
| #define _TANDEM_SOURCE 1
| #define __EXTENSIONS__ 1
| #define _XOPEN_SOURCE_EXTENDED 1
| #define HAVE_DIRENT_H 1
| #define HAVE_STDLIB_H 1
| #define HAVE_STRING_H 1
| #define HAVE_STRINGS_H 1
| #define HAVE_SYS_PARAM_H 1
| #define HAVE_SYS_TIME_H 1
| #define HAVE_SYS_UTSNAME_H 1
| #define HAVE_UNISTD_H 1
| #define MAJOR_IN_SYSMACROS 1
| #define HAVE_EXECINFO_H 1
| #define HAVE_MBSTATE_T 1
| /* end confdefs.h.  */
| #include <stddef.h>
| #ifdef HAVE_STDIO_H
| # include <stdio.h>
| #endif
| #ifdef HAVE_STDLIB_H
| # include <stdlib.h>
| #endif
| #ifdef HAVE_STRING_H
| # include <string.h>
| #endif
| #ifdef HAVE_INTTYPES_H
| # include <inttypes.h>
| #endif
| #ifdef HAVE_STDINT_H
| # include <stdint.h>
| #endif
| #ifdef HAVE_STRINGS_H
| # include <strings.h>
| #endif
| #ifdef HAVE_SYS_TYPES_H
| # include <sys/types.h>
| #endif
| #ifdef HAVE_SYS_STAT_H
| # include <sys/stat.h>
| #endif
| #ifdef HAVE_UNISTD_H
| # include <unistd.h>
| #endif
| int
| main (void)
| {
| if (sizeof ((size_t)))
| 	    return 0;
|   ;
|   return 0;
| }
configure:6533: result: yes
configure:6543: checking for ssize_t
configure:6543: gcc -c -g -O2  conftest.c >&5
configure:6543: $? = 0
configure:6543: gcc -c -g -O2  conftest.c >&5
conftest.c: In function 'main':
conftest.c:82:22: error: expected expression before ')' token
   82 | if (sizeof ((ssize_t)))
      |                      ^
configure:6543: $? = 1
configure: failed program was:
| /* confdefs.h */
| #define PACKAGE_NAME "htop"
| #define PACKAGE_TARNAME "htop"
| #define PACKAGE_VERSION "3.4.1"
| #define PACKAGE_STRING "htop 3.4.1"
| #define PACKAGE_BUGREPORT "htop@groups.io"
| #define PACKAGE_URL "https://htop.dev/"
| #define PACKAGE "htop"
| #define VERSION "3.4.1"
| #define HTOP_LINUX /**/
| #define HAVE_STDIO_H 1
| #define HAVE_STDLIB_H 1
| #define HAVE_STRING_H 1
| #define HAVE_INTTYPES_H 1
| #define HAVE_STDINT_H 1
| #define HAVE_STRINGS_H 1
| #define HAVE_SYS_STAT_H 1
| #define HAVE_SYS_TYPES_H 1
| #define HAVE_UNISTD_H 1
| #define HAVE_WCHAR_H 1
| #define STDC_HEADERS 1
| #define _ALL_SOURCE 1
| #define _DARWIN_C_SOURCE 1
| #define _GNU_SOURCE 1
| #define _HPUX_ALT_XOPEN_SOCKET_API 1
| #define _NETBSD_SOURCE 1
| #define _OPENBSD_SOURCE 1
| #define _POSIX_PTHREAD_SEMANTICS 1
| #define __STDC_WANT_IEC_60559_ATTRIBS_EXT__ 1
| #define __STDC_WANT_IEC_60559_BFP_EXT__ 1
| #define __STDC_WANT_IEC_60559_DFP_EXT__ 1
| #define __STDC_WANT_IEC_60559_FUNCS_EXT__ 1
| #define __STDC_WANT_IEC_60559_TYPES_EXT__ 1
| #define __STDC_WANT_LIB_EXT2__ 1
| #define __STDC_WANT_MATH_SPEC_FUNCS__ 1
| #define _TANDEM_SOURCE 1
| #define __EXTENSIONS__ 1
| #define _XOPEN_SOURCE_EXTENDED 1
| #define HAVE_DIRENT_H 1
| #define HAVE_STDLIB_H 1
| #define HAVE_STRING_H 1
| #define HAVE_STRINGS_H 1
| #define HAVE_SYS_PARAM_H 1
| #define HAVE_SYS_TIME_H 1
| #define HAVE_SYS_UTSNAME_H 1
| #define HAVE_UNISTD_H 1
| #define MAJOR_IN_SYSMACROS 1
| #define HAVE_EXECINFO_H 1
| #define HAVE_MBSTATE_T 1
| /* end confdefs.h.  */
| #include <stddef.h>
| #ifdef HAVE_STDIO_H
| # include <stdio.h>
| #endif
| #ifdef HAVE_STDLIB_H
| # include <stdlib.h>
| #endif
| #ifdef HAVE_STRING_H
| # include <string.h>
| #endif
| #ifdef HAVE_INTTYPES_H
| # include <inttypes.h>
| #endif
| #ifdef HAVE_STDINT_H
| # include <stdint.h>
| #endif
| #ifdef HAVE_STRINGS_H
| # include <strings.h>
| #endif
| #ifdef HAVE_SYS_TYPES_H
| # include <sys/types.h>
| #endif
| #ifdef HAVE_SYS_STAT_H
| # include <sys/stat.h>
| #endif
| #ifdef HAVE_UNISTD_H
| # include <unistd.h>
| #endif
| int
| main (void)
| {
| if (sizeof ((ssize_t)))
| 	    return 0;
|   ;
|   return 0;
| }
configure:6543: result: yes
configure:6558: checking how to run the C preprocessor
configure:6584: gcc -E  conftest.c
configure:6584: $? = 0
configure:6599: gcc -E  conftest.c
conftest.c:51:10: fatal error: ac_nonexistent.h: No such file or directory
   51 | #include <ac_nonexistent.h>
      |          ^~~~~~~~~~~~~~~~~~
compilation terminated.
configure:6599: $? = 1
configure: failed program was:
| /* confdefs.h */
| #define PACKAGE_NAME "htop"
| #define PACKAGE_TARNAME "htop"
| #define PACKAGE_VERSION "3.4.1"
| #define PACKAGE_STRING "htop 3.4.1"
| #define PACKAGE_BUGREPORT "htop@groups.io"
| #define PACKAGE_URL "https://htop.dev/"
| #define PACKAGE "htop"
| #define VERSION "3.4.1"
| #define HTOP_LINUX /**/
| #define HAVE_STDIO_H 1
| #define HAVE_STDLIB_H 1
| #define HAVE_STRING_H 1
| #define HAVE_INTTYPES_H 1
| #define HAVE_STDINT_H 1
| #define HAVE_STRINGS_H 1
| #define HAVE_SYS_STAT_H 1
| #define HAVE_SYS_TYPES_H 1
| #define HAVE_UNISTD_H 1
| #define HAVE_WCHAR_H 1
| #define STDC_HEADERS 1
| #define _ALL_SOURCE 1
| #define _DARWIN_C_SOURCE 1
| #define _GNU_SOURCE 1
| #define _HPUX_ALT_XOPEN_SOCKET_API 1
| #define _NETBSD_SOURCE 1
| #define _OPENBSD_SOURCE 1
| #define _POSIX_PTHREAD_SEMANTICS 1
| #define __STDC_WANT_IEC_60559_ATTRIBS_EXT__ 1
| #define __STDC_WANT_IEC_60559_BFP_EXT__ 1
| #define __STDC_WANT_IEC_60559_DFP_EXT__ 1
| #define __STDC_WANT_IEC_60559_FUNCS_EXT__ 1
| #define __STDC_WANT_IEC_60559_TYPES_EXT__ 1
| #define __STDC_WANT_LIB_EXT2__ 1
| #define __STDC_WANT_MATH_SPEC_FUNCS__ 1
| #define _TANDEM_SOURCE 1
| #define __EXTENSIONS__ 1
| #define _XOPEN_SOURCE_EXTENDED 1
| #define HAVE_DIRENT_H 1
| #define HAVE_STDLIB_H 1
| #define HAVE_STRING_H 1
| #define HAVE_STRINGS_H 1
| #define HAVE_SYS_PARAM_H 1
| #define HAVE_SYS_TIME_H 1
| #define HAVE_SYS_UTSNAME_H 1
| #define HAVE_UNISTD_H 1
| #define MAJOR_IN_SYSMACROS 1
| #define HAVE_EXECINFO_H 1
| #define HAVE_MBSTATE_T 1
| /* end confdefs.h.  */
| #include <ac_nonexistent.h>
configure:6626: result: gcc -E
configure:6640: gcc -E  conftest.c
configure:6640: $? = 0
configure:6655: gcc -E  conftest.c
conftest.c:51:10: fatal error: ac_nonexistent.h: No such file or directory
   51 | #include <ac_nonexistent.h>
      |          ^~~~~~~~~~~~~~~~~~
compilation terminated.
configure:6655: $? = 1
configure: failed program was:
| /* confdefs.h */
| #define PACKAGE_NAME "htop"
| #define PACKAGE_TARNAME "htop"
| #define PACKAGE_VERSION "3.4.1"
| #define PACKAGE_STRING "htop 3.4.1"
| #define PACKAGE_BUGREPORT "htop@groups.io"
| #define PACKAGE_URL "https://htop.dev/"
| #define PACKAGE "htop"
| #define VERSION "3.4.1"
| #define HTOP_LINUX /**/
| #define HAVE_STDIO_H 1
| #define HAVE_STDLIB_H 1
| #define HAVE_STRING_H 1
| #define HAVE_INTTYPES_H 1
| #define HAVE_STDINT_H 1
| #define HAVE_STRINGS_H 1
| #define HAVE_SYS_STAT_H 1
| #define HAVE_SYS_TYPES_H 1
| #define HAVE_UNISTD_H 1
| #define HAVE_WCHAR_H 1
| #define STDC_HEADERS 1
| #define _ALL_SOURCE 1
| #define _DARWIN_C_SOURCE 1
| #define _GNU_SOURCE 1
| #define _HPUX_ALT_XOPEN_SOCKET_API 1
| #define _NETBSD_SOURCE 1
| #define _OPENBSD_SOURCE 1
| #define _POSIX_PTHREAD_SEMANTICS 1
| #define __STDC_WANT_IEC_60559_ATTRIBS_EXT__ 1
| #define __STDC_WANT_IEC_60559_BFP_EXT__ 1
| #define __STDC_WANT_IEC_60559_DFP_EXT__ 1
| #define __STDC_WANT_IEC_60559_FUNCS_EXT__ 1
| #define __STDC_WANT_IEC_60559_TYPES_EXT__ 1
| #define __STDC_WANT_LIB_EXT2__ 1
| #define __STDC_WANT_MATH_SPEC_FUNCS__ 1
| #define _TANDEM_SOURCE 1
| #define __EXTENSIONS__ 1
| #define _XOPEN_SOURCE_EXTENDED 1
| #define HAVE_DIRENT_H 1
| #define HAVE_STDLIB_H 1
| #define HAVE_STRING_H 1
| #define HAVE_STRINGS_H 1
| #define HAVE_SYS_PARAM_H 1
| #define HAVE_SYS_TIME_H 1
| #define HAVE_SYS_UTSNAME_H 1
| #define HAVE_UNISTD_H 1
| #define MAJOR_IN_SYSMACROS 1
| #define HAVE_EXECINFO_H 1
| #define HAVE_MBSTATE_T 1
| /* end confdefs.h.  */
| #include <ac_nonexistent.h>
configure:6686: checking for grep that handles long lines and -e
configure:6750: result: /usr/bin/grep
configure:6755: checking for egrep
configure:6823: result: /usr/bin/grep -E
configure:6828: checking for uid_t in sys/types.h
configure:6849: result: yes
configure:6860: checking for uint8_t
configure:6860: gcc -c -g -O2  conftest.c >&5
configure:6860: $? = 0
configure:6860: result: yes
configure:6872: checking for uint16_t
configure:6872: gcc -c -g -O2  conftest.c >&5
configure:6872: $? = 0
configure:6872: result: yes
configure:6882: checking for uint32_t
configure:6882: gcc -c -g -O2  conftest.c >&5
configure:6882: $? = 0
configure:6882: result: yes
configure:6894: checking for uint64_t
configure:6894: gcc -c -g -O2  conftest.c >&5
configure:6894: $? = 0
configure:6894: result: yes
configure:6907: checking for alloc_size
configure:6919: gcc -c -g -O2 -Wno-error -Werror=attributes  conftest.c >&5
configure:6919: $? = 0
configure:6924: result: yes
configure:6933: checking for access
configure:6945: gcc -c -g -O2 -Wno-error -Werror=attributes  conftest.c >&5
configure:6945: $? = 0
configure:6950: result: yes
configure:6959: checking for nonnull
configure:6973: gcc -c -g -O2 -Wno-error -Werror=attributes  conftest.c >&5
configure:6973: $? = 0
configure:6978: result: yes
configure:6987: checking for returns_nonnull
configure:7000: gcc -c -g -O2 -Wno-error -Werror=attributes  conftest.c >&5
configure:7000: $? = 0
configure:7005: result: yes
configure:7014: checking for NaN support
configure:7035: gcc -o conftest -g -O2   conftest.c  >&5
configure:7035: $? = 0
configure:7059: result: yes
configure:7078: checking for __builtin_ctz
configure:7092: gcc -c -g -O2  conftest.c >&5
configure:7092: $? = 0
configure:7097: result: yes
configure:7112: checking for library containing ceil
configure:7142: gcc -o conftest -g -O2   conftest.c  >&5
conftest.c:60:6: warning: conflicting types for built-in function 'ceil'; expected 'double(double)' [-Wbuiltin-declaration-mismatch]
   60 | char ceil ();
      |      ^~~~
conftest.c:1:1: note: 'ceil' is declared in header '<math.h>'
    1 | /* confdefs.h */
/usr/bin/ld: /tmp/ccopB1nW.o: in function `main':
/home/kwonsoyeon/다운로드/htop-3.4.1/conftest.c:64:(.text.startup+0xb): undefined reference to `ceil'
collect2: error: ld returned 1 exit status
configure:7142: $? = 1
configure: failed program was:
| /* confdefs.h */
| #define PACKAGE_NAME "htop"
| #define PACKAGE_TARNAME "htop"
| #define PACKAGE_VERSION "3.4.1"
| #define PACKAGE_STRING "htop 3.4.1"
| #define PACKAGE_BUGREPORT "htop@groups.io"
| #define PACKAGE_URL "https://htop.dev/"
| #define PACKAGE "htop"
| #define VERSION "3.4.1"
| #define HTOP_LINUX /**/
| #define HAVE_STDIO_H 1
| #define HAVE_STDLIB_H 1
| #define HAVE_STRING_H 1
| #define HAVE_INTTYPES_H 1
| #define HAVE_STDINT_H 1
| #define HAVE_STRINGS_H 1
| #define HAVE_SYS_STAT_H 1
| #define HAVE_SYS_TYPES_H 1
| #define HAVE_UNISTD_H 1
| #define HAVE_WCHAR_H 1
| #define STDC_HEADERS 1
| #define _ALL_SOURCE 1
| #define _DARWIN_C_SOURCE 1
| #define _GNU_SOURCE 1
| #define _HPUX_ALT_XOPEN_SOCKET_API 1
| #define _NETBSD_SOURCE 1
| #define _OPENBSD_SOURCE 1
| #define _POSIX_PTHREAD_SEMANTICS 1
| #define __STDC_WANT_IEC_60559_ATTRIBS_EXT__ 1
| #define __STDC_WANT_IEC_60559_BFP_EXT__ 1
| #define __STDC_WANT_IEC_60559_DFP_EXT__ 1
| #define __STDC_WANT_IEC_60559_FUNCS_EXT__ 1
| #define __STDC_WANT_IEC_60559_TYPES_EXT__ 1
| #define __STDC_WANT_LIB_EXT2__ 1
| #define __STDC_WANT_MATH_SPEC_FUNCS__ 1
| #define _TANDEM_SOURCE 1
| #define __EXTENSIONS__ 1
| #define _XOPEN_SOURCE_EXTENDED 1
| #define HAVE_DIRENT_H 1
| #define HAVE_STDLIB_H 1
| #define HAVE_STRING_H 1
| #define HAVE_STRINGS_H 1
| #define HAVE_SYS_PARAM_H 1
| #define HAVE_SYS_TIME_H 1
| #define HAVE_SYS_UTSNAME_H 1
| #define HAVE_UNISTD_H 1
| #define MAJOR_IN_SYSMACROS 1
| #define HAVE_EXECINFO_H 1
| #define HAVE_MBSTATE_T 1
| #define HAVE_ATTR_ALLOC_SIZE 1
| #define HAVE_ATTR_ACCESS 1
| #define HAVE_ATTR_NONNULL 1
| #define HAVE_ATTR_RETNONNULL 1
| #define HAVE_BUILTIN_CTZ 1
| /* end confdefs.h.  */
| 
| /* Override any GCC internal prototype to avoid an error.
|    Use char because int might match the return type of a GCC
|    builtin and then its argument prototype would still apply.  */
| char ceil ();
| int
| main (void)
| {
| return ceil ();
|   ;
|   return 0;
| }
configure:7142: gcc -o conftest -g -O2   conftest.c -lm   >&5
conftest.c:60:6: warning: conflicting types for built-in function 'ceil'; expected 'double(double)' [-Wbuiltin-declaration-mismatch]
   60 | char ceil ();
      |      ^~~~
conftest.c:1:1: note: 'ceil' is declared in header '<math.h>'
    1 | /* confdefs.h */
configure:7142: $? = 0
configure:7162: result: -lm
configure:7489: checking for library containing dlopen
configure:7519: gcc -o conftest -g -O2   conftest.c -lm  >&5
configure:7519: $? = 0
configure:7539: result: none required
configure:7930: checking for library containing clock_gettime
configure:7960: gcc -o conftest -g -O2   conftest.c -lm  >&5
configure:7960: $? = 0
configure:7980: result: none required
configure:7990: checking for clock_gettime
configure:7990: gcc -o conftest -g -O2   conftest.c -lm  >&5
configure:7990: $? = 0
configure:7990: result: yes
configure:7996: checking for dladdr
configure:7996: gcc -o conftest -g -O2   conftest.c -lm  >&5
configure:7996: $? = 0
configure:7996: result: yes
configure:8002: checking for faccessat
configure:8002: gcc -o conftest -g -O2   conftest.c -lm  >&5
configure:8002: $? = 0
configure:8002: result: yes
configure:8008: checking for fstatat
configure:8008: gcc -o conftest -g -O2   conftest.c -lm  >&5
configure:8008: $? = 0
configure:8008: result: yes
configure:8014: checking for host_get_clock_service
configure:8014: gcc -o conftest -g -O2   conftest.c -lm  >&5
/usr/bin/ld: /tmp/ccI7KPv2.o: in function `main':
/home/kwonsoyeon/다운로드/htop-3.4.1/conftest.c:87:(.text.startup+0xb): undefined reference to `host_get_clock_service'
collect2: error: ld returned 1 exit status
configure:8014: $? = 1
configure: failed program was:
| /* confdefs.h */
| #define PACKAGE_NAME "htop"
| #define PACKAGE_TARNAME "htop"
| #define PACKAGE_VERSION "3.4.1"
| #define PACKAGE_STRING "htop 3.4.1"
| #define PACKAGE_BUGREPORT "htop@groups.io"
| #define PACKAGE_URL "https://htop.dev/"
| #define PACKAGE "htop"
| #define VERSION "3.4.1"
| #define HTOP_LINUX /**/
| #define HAVE_STDIO_H 1
| #define HAVE_STDLIB_H 1
| #define HAVE_STRING_H 1
| #define HAVE_INTTYPES_H 1
| #define HAVE_STDINT_H 1
| #define HAVE_STRINGS_H 1
| #define HAVE_SYS_STAT_H 1
| #define HAVE_SYS_TYPES_H 1
| #define HAVE_UNISTD_H 1
| #define HAVE_WCHAR_H 1
| #define STDC_HEADERS 1
| #define _ALL_SOURCE 1
| #define _DARWIN_C_SOURCE 1
| #define _GNU_SOURCE 1
| #define _HPUX_ALT_XOPEN_SOCKET_API 1
| #define _NETBSD_SOURCE 1
| #define _OPENBSD_SOURCE 1
| #define _POSIX_PTHREAD_SEMANTICS 1
| #define __STDC_WANT_IEC_60559_ATTRIBS_EXT__ 1
| #define __STDC_WANT_IEC_60559_BFP_EXT__ 1
| #define __STDC_WANT_IEC_60559_DFP_EXT__ 1
| #define __STDC_WANT_IEC_60559_FUNCS_EXT__ 1
| #define __STDC_WANT_IEC_60559_TYPES_EXT__ 1
| #define __STDC_WANT_LIB_EXT2__ 1
| #define __STDC_WANT_MATH_SPEC_FUNCS__ 1
| #define _TANDEM_SOURCE 1
| #define __EXTENSIONS__ 1
| #define _XOPEN_SOURCE_EXTENDED 1
| #define HAVE_DIRENT_H 1
| #define HAVE_STDLIB_H 1
| #define HAVE_STRING_H 1
| #define HAVE_STRINGS_H 1
| #define HAVE_SYS_PARAM_H 1
| #define HAVE_SYS_TIME_H 1
| #define HAVE_SYS_UTSNAME_H 1
| #define HAVE_UNISTD_H 1
| #define MAJOR_IN_SYSMACROS 1
| #define HAVE_EXECINFO_H 1
| #define HAVE_MBSTATE_T 1
| #define HAVE_ATTR_ALLOC_SIZE 1
| #define HAVE_ATTR_ACCESS 1
| #define HAVE_ATTR_NONNULL 1
| #define HAVE_ATTR_RETNONNULL 1
| #define HAVE_BUILTIN_CTZ 1
| #define HAVE_CLOCK_GETTIME 1
| #define HAVE_DLADDR 1
| #define HAVE_FACCESSAT 1
| #define HAVE_FSTATAT 1
| /* end confdefs.h.  */
| /* Define host_get_clock_service to an innocuous variant, in case <limits.h> declares host_get_clock_service.
|    For example, HP-UX 11i <limits.h> declares gettimeofday.  */
| #define host_get_clock_service innocuous_host_get_clock_service
| 
| /* System header to define __stub macros and hopefully few prototypes,
|    which can conflict with char host_get_clock_service (); below.  */
| 
| #include <limits.h>
| #undef host_get_clock_service
| 
| /* Override any GCC internal prototype to avoid an error.
|    Use char because int might match the return type of a GCC
|    builtin and then its argument prototype would still apply.  */
| #ifdef __cplusplus
| extern "C"
| #endif
| char host_get_clock_service ();
| /* The GNU C library defines this for functions which it implements
|     to always fail with ENOSYS.  Some functions are actually named
|     something starting with __ and the normal name is an alias.  */
| #if defined __stub_host_get_clock_service || defined __stub___host_get_clock_service
| choke me
| #endif
| 
| int
| main (void)
| {
| return host_get_clock_service ();
|   ;
|   return 0;
| }
configure:8014: result: no
configure:8020: checking for memfd_create
configure:8020: gcc -o conftest -g -O2   conftest.c -lm  >&5
configure:8020: $? = 0
configure:8020: result: yes
configure:8026: checking for openat
configure:8026: gcc -o conftest -g -O2   conftest.c -lm  >&5
configure:8026: $? = 0
configure:8026: result: yes
configure:8032: checking for readlinkat
configure:8032: gcc -o conftest -g -O2   conftest.c -lm  >&5
configure:8032: $? = 0
configure:8032: result: yes
configure:8038: checking for sched_getscheduler
configure:8038: gcc -o conftest -g -O2   conftest.c -lm  >&5
configure:8038: $? = 0
configure:8038: result: yes
configure:8044: checking for sched_setscheduler
configure:8044: gcc -o conftest -g -O2   conftest.c -lm  >&5
configure:8044: $? = 0
configure:8044: result: yes
configure:8058: checking for strchrnul
configure:8077: gcc -o conftest -g -O2 -Werror   conftest.c -lm  >&5
configure:8077: $? = 0
configure:8079: result: yes
retrieving ncursesw6 information through ncursesw6-config
configure:8424: result: found ncursesw6 information through ncursesw6-config
curses cflags: -D_DEFAULT_SOURCE -D_XOPEN_SOURCE=600
curses libs: -lncursesw -ltinfo
configure:8258: checking for keypad in -lncursesw -ltinfo
configure:8277: gcc -o conftest -std=c99 -pedantic -D_DEFAULT_SOURCE -D_XOPEN_SOURCE=600 -g -O2   conftest.c -lncursesw -ltinfo -lm  >&5
configure:8277: $? = 0
configure:8279: result: yes
configure:8293: checking for doupdate in -lncursesw -ltinfo
configure:8310: gcc -o conftest -std=c99 -pedantic -D_DEFAULT_SOURCE -D_XOPEN_SOURCE=600 -g -O2   conftest.c -lncursesw -ltinfo -lm  >&5
configure:8310: $? = 0
configure:8312: result: yes
configure:8327: checking for wadd_wchnstr in -lncursesw -ltinfo
configure:8347: gcc -o conftest -std=c99 -pedantic -D_DEFAULT_SOURCE -D_XOPEN_SOURCE=600 -g -O2   conftest.c -lncursesw -ltinfo -lm  >&5
configure:8347: $? = 0
configure:8349: result: yes
configure:8532: checking for ncursesw/curses.h
configure:8532: gcc -c -std=c99 -pedantic -D_DEFAULT_SOURCE -D_XOPEN_SOURCE=600 -g -O2  conftest.c >&5
configure:8532: $? = 0
configure:8532: result: yes
configure:8578: checking for ncursesw/term.h
configure:8578: gcc -c -std=c99 -pedantic -D_DEFAULT_SOURCE -D_XOPEN_SOURCE=600 -g -O2  conftest.c >&5
configure:8578: $? = 0
configure:8578: result: yes
configure:8686: checking whether the curses header works
configure:8715: gcc -o conftest -I. -std=c99 -pedantic -D_DEFAULT_SOURCE -D_XOPEN_SOURCE=600 -g -O2   conftest.c -lncursesw -ltinfo -lm  >&5
configure:8715: $? = 0
configure:8717: result: yes
configure:8801: checking for set_escdelay
configure:8801: gcc -o conftest -g -O2   conftest.c -lncursesw -ltinfo -lm  >&5
configure:8801: $? = 0
configure:8801: result: yes
configure:8808: checking for getmouse
configure:8808: gcc -o conftest -g -O2   conftest.c -lncursesw -ltinfo -lm  >&5
configure:8808: $? = 0
configure:8808: result: yes
configure:8832: checking for usable sched_setaffinity
configure:8859: gcc -o conftest -g -O2   conftest.c -lncursesw -ltinfo -lm  >&5
configure:8859: $? = 0
configure:8859: ./conftest
configure:8859: $? = 0
configure:8862: result: yes
configure:8941: checking for backtrace in -lunwind
configure:8964: gcc -o conftest -g -O2   conftest.c -lunwind  -lncursesw -ltinfo -lm  >&5
/usr/bin/ld: cannot find -lunwind: No such file or directory
collect2: error: ld returned 1 exit status
configure:8964: $? = 1
configure: failed program was:
| /* confdefs.h */
| #define PACKAGE_NAME "htop"
| #define PACKAGE_TARNAME "htop"
| #define PACKAGE_VERSION "3.4.1"
| #define PACKAGE_STRING "htop 3.4.1"
| #define PACKAGE_BUGREPORT "htop@groups.io"
| #define PACKAGE_URL "https://htop.dev/"
| #define PACKAGE "htop"
| #define VERSION "3.4.1"
| #define HTOP_LINUX /**/
| #define HAVE_STDIO_H 1
| #define HAVE_STDLIB_H 1
| #define HAVE_STRING_H 1
| #define HAVE_INTTYPES_H 1
| #define HAVE_STDINT_H 1
| #define HAVE_STRINGS_H 1
| #define HAVE_SYS_STAT_H 1
| #define HAVE_SYS_TYPES_H 1
| #define HAVE_UNISTD_H 1
| #define HAVE_WCHAR_H 1
| #define STDC_HEADERS 1
| #define _ALL_SOURCE 1
| #define _DARWIN_C_SOURCE 1
| #define _GNU_SOURCE 1
| #define _HPUX_ALT_XOPEN_SOCKET_API 1
| #define _NETBSD_SOURCE 1
| #define _OPENBSD_SOURCE 1
| #define _POSIX_PTHREAD_SEMANTICS 1
| #define __STDC_WANT_IEC_60559_ATTRIBS_EXT__ 1
| #define __STDC_WANT_IEC_60559_BFP_EXT__ 1
| #define __STDC_WANT_IEC_60559_DFP_EXT__ 1
| #define __STDC_WANT_IEC_60559_FUNCS_EXT__ 1
| #define __STDC_WANT_IEC_60559_TYPES_EXT__ 1
| #define __STDC_WANT_LIB_EXT2__ 1
| #define __STDC_WANT_MATH_SPEC_FUNCS__ 1
| #define _TANDEM_SOURCE 1
| #define __EXTENSIONS__ 1
| #define _XOPEN_SOURCE_EXTENDED 1
| #define HAVE_DIRENT_H 1
| #define HAVE_STDLIB_H 1
| #define HAVE_STRING_H 1
| #define HAVE_STRINGS_H 1
| #define HAVE_SYS_PARAM_H 1
| #define HAVE_SYS_TIME_H 1
| #define HAVE_SYS_UTSNAME_H 1
| #define HAVE_UNISTD_H 1
| #define MAJOR_IN_SYSMACROS 1
| #define HAVE_EXECINFO_H 1
| #define HAVE_MBSTATE_T 1
| #define HAVE_ATTR_ALLOC_SIZE 1
| #define HAVE_ATTR_ACCESS 1
| #define HAVE_ATTR_NONNULL 1
| #define HAVE_ATTR_RETNONNULL 1
| #define HAVE_BUILTIN_CTZ 1
| #define HAVE_CLOCK_GETTIME 1
| #define HAVE_DLADDR 1
| #define HAVE_FACCESSAT 1
| #define HAVE_FSTATAT 1
| #define HAVE_MEMFD_CREATE 1
| #define HAVE_OPENAT 1
| #define HAVE_READLINKAT 1
| #define HAVE_SCHED_GETSCHEDULER 1
| #define HAVE_SCHED_SETSCHEDULER 1
| #define HAVE_STRCHRNUL 1
| #define HAVE_LIBNCURSESW 1
| #define HAVE_NCURSESW_CURSES_H 1
| #define HAVE_NCURSESW_TERM_H 1
| #define HAVE_SET_ESCDELAY 1
| #define HAVE_GETMOUSE 1
| #define NCURSES_ENABLE_STDBOOL_H 1
| #define HAVE_AFFINITY 1
| /* end confdefs.h.  */
| 
| /* Override any GCC internal prototype to avoid an error.
|    Use char because int might match the return type of a GCC
|    builtin and then its argument prototype would still apply.  */
| char backtrace ();
| int
| main (void)
| {
| return backtrace ();
|   ;
|   return 0;
| }
configure:8974: result: no
configure:8988: checking for libunwind.h
configure:8988: gcc -c -g -O2  conftest.c >&5
conftest.c:101:10: fatal error: libunwind.h: No such file or directory
  101 | #include <libunwind.h>
      |          ^~~~~~~~~~~~~
compilation terminated.
configure:8988: $? = 1
configure: failed program was:
| /* confdefs.h */
| #define PACKAGE_NAME "htop"
| #define PACKAGE_TARNAME "htop"
| #define PACKAGE_VERSION "3.4.1"
| #define PACKAGE_STRING "htop 3.4.1"
| #define PACKAGE_BUGREPORT "htop@groups.io"
| #define PACKAGE_URL "https://htop.dev/"
| #define PACKAGE "htop"
| #define VERSION "3.4.1"
| #define HTOP_LINUX /**/
| #define HAVE_STDIO_H 1
| #define HAVE_STDLIB_H 1
| #define HAVE_STRING_H 1
| #define HAVE_INTTYPES_H 1
| #define HAVE_STDINT_H 1
| #define HAVE_STRINGS_H 1
| #define HAVE_SYS_STAT_H 1
| #define HAVE_SYS_TYPES_H 1
| #define HAVE_UNISTD_H 1
| #define HAVE_WCHAR_H 1
| #define STDC_HEADERS 1
| #define _ALL_SOURCE 1
| #define _DARWIN_C_SOURCE 1
| #define _GNU_SOURCE 1
| #define _HPUX_ALT_XOPEN_SOCKET_API 1
| #define _NETBSD_SOURCE 1
| #define _OPENBSD_SOURCE 1
| #define _POSIX_PTHREAD_SEMANTICS 1
| #define __STDC_WANT_IEC_60559_ATTRIBS_EXT__ 1
| #define __STDC_WANT_IEC_60559_BFP_EXT__ 1
| #define __STDC_WANT_IEC_60559_DFP_EXT__ 1
| #define __STDC_WANT_IEC_60559_FUNCS_EXT__ 1
| #define __STDC_WANT_IEC_60559_TYPES_EXT__ 1
| #define __STDC_WANT_LIB_EXT2__ 1
| #define __STDC_WANT_MATH_SPEC_FUNCS__ 1
| #define _TANDEM_SOURCE 1
| #define __EXTENSIONS__ 1
| #define _XOPEN_SOURCE_EXTENDED 1
| #define HAVE_DIRENT_H 1
| #define HAVE_STDLIB_H 1
| #define HAVE_STRING_H 1
| #define HAVE_STRINGS_H 1
| #define HAVE_SYS_PARAM_H 1
| #define HAVE_SYS_TIME_H 1
| #define HAVE_SYS_UTSNAME_H 1
| #define HAVE_UNISTD_H 1
| #define MAJOR_IN_SYSMACROS 1
| #define HAVE_EXECINFO_H 1
| #define HAVE_MBSTATE_T 1
| #define HAVE_ATTR_ALLOC_SIZE 1
| #define HAVE_ATTR_ACCESS 1
| #define HAVE_ATTR_NONNULL 1
| #define HAVE_ATTR_RETNONNULL 1
| #define HAVE_BUILTIN_CTZ 1
| #define HAVE_CLOCK_GETTIME 1
| #define HAVE_DLADDR 1
| #define HAVE_FACCESSAT 1
| #define HAVE_FSTATAT 1
| #define HAVE_MEMFD_CREATE 1
| #define HAVE_OPENAT 1
| #define HAVE_READLINKAT 1
| #define HAVE_SCHED_GETSCHEDULER 1
| #define HAVE_SCHED_SETSCHEDULER 1
| #define HAVE_STRCHRNUL 1
| #define HAVE_LIBNCURSESW 1
| #define HAVE_NCURSESW_CURSES_H 1
| #define HAVE_NCURSESW_TERM_H 1
| #define HAVE_SET_ESCDELAY 1
| #define HAVE_GETMOUSE 1
| #define NCURSES_ENABLE_STDBOOL_H 1
| #define HAVE_AFFINITY 1
| /* end confdefs.h.  */
| #include <stddef.h>
| #ifdef HAVE_STDIO_H
| # include <stdio.h>
| #endif
| #ifdef HAVE_STDLIB_H
| # include <stdlib.h>
| #endif
| #ifdef HAVE_STRING_H
| # include <string.h>
| #endif
| #ifdef HAVE_INTTYPES_H
| # include <inttypes.h>
| #endif
| #ifdef HAVE_STDINT_H
| # include <stdint.h>
| #endif
| #ifdef HAVE_STRINGS_H
| # include <strings.h>
| #endif
| #ifdef HAVE_SYS_TYPES_H
| # include <sys/types.h>
| #endif
| #ifdef HAVE_SYS_STAT_H
| # include <sys/stat.h>
| #endif
| #ifdef HAVE_UNISTD_H
| # include <unistd.h>
| #endif
| #include <libunwind.h>
configure:8988: result: no
configure:8999: checking for libunwind/libunwind.h
configure:8999: gcc -c -g -O2 -I/usr/include/libunwind  conftest.c >&5
conftest.c:101:10: fatal error: libunwind/libunwind.h: No such file or directory
  101 | #include <libunwind/libunwind.h>
      |          ^~~~~~~~~~~~~~~~~~~~~~~
compilation terminated.
configure:8999: $? = 1
configure: failed program was:
| /* confdefs.h */
| #define PACKAGE_NAME "htop"
| #define PACKAGE_TARNAME "htop"
| #define PACKAGE_VERSION "3.4.1"
| #define PACKAGE_STRING "htop 3.4.1"
| #define PACKAGE_BUGREPORT "htop@groups.io"
| #define PACKAGE_URL "https://htop.dev/"
| #define PACKAGE "htop"
| #define VERSION "3.4.1"
| #define HTOP_LINUX /**/
| #define HAVE_STDIO_H 1
| #define HAVE_STDLIB_H 1
| #define HAVE_STRING_H 1
| #define HAVE_INTTYPES_H 1
| #define HAVE_STDINT_H 1
| #define HAVE_STRINGS_H 1
| #define HAVE_SYS_STAT_H 1
| #define HAVE_SYS_TYPES_H 1
| #define HAVE_UNISTD_H 1
| #define HAVE_WCHAR_H 1
| #define STDC_HEADERS 1
| #define _ALL_SOURCE 1
| #define _DARWIN_C_SOURCE 1
| #define _GNU_SOURCE 1
| #define _HPUX_ALT_XOPEN_SOCKET_API 1
| #define _NETBSD_SOURCE 1
| #define _OPENBSD_SOURCE 1
| #define _POSIX_PTHREAD_SEMANTICS 1
| #define __STDC_WANT_IEC_60559_ATTRIBS_EXT__ 1
| #define __STDC_WANT_IEC_60559_BFP_EXT__ 1
| #define __STDC_WANT_IEC_60559_DFP_EXT__ 1
| #define __STDC_WANT_IEC_60559_FUNCS_EXT__ 1
| #define __STDC_WANT_IEC_60559_TYPES_EXT__ 1
| #define __STDC_WANT_LIB_EXT2__ 1
| #define __STDC_WANT_MATH_SPEC_FUNCS__ 1
| #define _TANDEM_SOURCE 1
| #define __EXTENSIONS__ 1
| #define _XOPEN_SOURCE_EXTENDED 1
| #define HAVE_DIRENT_H 1
| #define HAVE_STDLIB_H 1
| #define HAVE_STRING_H 1
| #define HAVE_STRINGS_H 1
| #define HAVE_SYS_PARAM_H 1
| #define HAVE_SYS_TIME_H 1
| #define HAVE_SYS_UTSNAME_H 1
| #define HAVE_UNISTD_H 1
| #define MAJOR_IN_SYSMACROS 1
| #define HAVE_EXECINFO_H 1
| #define HAVE_MBSTATE_T 1
| #define HAVE_ATTR_ALLOC_SIZE 1
| #define HAVE_ATTR_ACCESS 1
| #define HAVE_ATTR_NONNULL 1
| #define HAVE_ATTR_RETNONNULL 1
| #define HAVE_BUILTIN_CTZ 1
| #define HAVE_CLOCK_GETTIME 1
| #define HAVE_DLADDR 1
| #define HAVE_FACCESSAT 1
| #define HAVE_FSTATAT 1
| #define HAVE_MEMFD_CREATE 1
| #define HAVE_OPENAT 1
| #define HAVE_READLINKAT 1
| #define HAVE_SCHED_GETSCHEDULER 1
| #define HAVE_SCHED_SETSCHEDULER 1
| #define HAVE_STRCHRNUL 1
| #define HAVE_LIBNCURSESW 1
| #define HAVE_NCURSESW_CURSES_H 1
| #define HAVE_NCURSESW_TERM_H 1
| #define HAVE_SET_ESCDELAY 1
| #define HAVE_GETMOUSE 1
| #define NCURSES_ENABLE_STDBOOL_H 1
| #define HAVE_AFFINITY 1
| /* end confdefs.h.  */
| #include <stddef.h>
| #ifdef HAVE_STDIO_H
| # include <stdio.h>
| #endif
| #ifdef HAVE_STDLIB_H
| # include <stdlib.h>
| #endif
| #ifdef HAVE_STRING_H
| # include <string.h>
| #endif
| #ifdef HAVE_INTTYPES_H
| # include <inttypes.h>
| #endif
| #ifdef HAVE_STDINT_H
| # include <stdint.h>
| #endif
| #ifdef HAVE_STRINGS_H
| # include <strings.h>
| #endif
| #ifdef HAVE_SYS_TYPES_H
| # include <sys/types.h>
| #endif
| #ifdef HAVE_SYS_STAT_H
| # include <sys/stat.h>
| #endif
| #ifdef HAVE_UNISTD_H
| # include <unistd.h>
| #endif
| #include <libunwind/libunwind.h>
configure:8999: result: no
configure:9098: checking for library containing backtrace
configure:9128: gcc -o conftest -g -O2   conftest.c -lncursesw -ltinfo -lm  >&5
configure:9128: $? = 0
configure:9148: result: none required
configure:9362: checking for cap_init in -lcap
configure:9385: gcc -o conftest -g -O2   conftest.c -lcap  -lncursesw -ltinfo -lm  >&5
/usr/bin/ld: cannot find -lcap: No such file or directory
collect2: error: ld returned 1 exit status
configure:9385: $? = 1
configure: failed program was:
| /* confdefs.h */
| #define PACKAGE_NAME "htop"
| #define PACKAGE_TARNAME "htop"
| #define PACKAGE_VERSION "3.4.1"
| #define PACKAGE_STRING "htop 3.4.1"
| #define PACKAGE_BUGREPORT "htop@groups.io"
| #define PACKAGE_URL "https://htop.dev/"
| #define PACKAGE "htop"
| #define VERSION "3.4.1"
| #define HTOP_LINUX /**/
| #define HAVE_STDIO_H 1
| #define HAVE_STDLIB_H 1
| #define HAVE_STRING_H 1
| #define HAVE_INTTYPES_H 1
| #define HAVE_STDINT_H 1
| #define HAVE_STRINGS_H 1
| #define HAVE_SYS_STAT_H 1
| #define HAVE_SYS_TYPES_H 1
| #define HAVE_UNISTD_H 1
| #define HAVE_WCHAR_H 1
| #define STDC_HEADERS 1
| #define _ALL_SOURCE 1
| #define _DARWIN_C_SOURCE 1
| #define _GNU_SOURCE 1
| #define _HPUX_ALT_XOPEN_SOCKET_API 1
| #define _NETBSD_SOURCE 1
| #define _OPENBSD_SOURCE 1
| #define _POSIX_PTHREAD_SEMANTICS 1
| #define __STDC_WANT_IEC_60559_ATTRIBS_EXT__ 1
| #define __STDC_WANT_IEC_60559_BFP_EXT__ 1
| #define __STDC_WANT_IEC_60559_DFP_EXT__ 1
| #define __STDC_WANT_IEC_60559_FUNCS_EXT__ 1
| #define __STDC_WANT_IEC_60559_TYPES_EXT__ 1
| #define __STDC_WANT_LIB_EXT2__ 1
| #define __STDC_WANT_MATH_SPEC_FUNCS__ 1
| #define _TANDEM_SOURCE 1
| #define __EXTENSIONS__ 1
| #define _XOPEN_SOURCE_EXTENDED 1
| #define HAVE_DIRENT_H 1
| #define HAVE_STDLIB_H 1
| #define HAVE_STRING_H 1
| #define HAVE_STRINGS_H 1
| #define HAVE_SYS_PARAM_H 1
| #define HAVE_SYS_TIME_H 1
| #define HAVE_SYS_UTSNAME_H 1
| #define HAVE_UNISTD_H 1
| #define MAJOR_IN_SYSMACROS 1
| #define HAVE_EXECINFO_H 1
| #define HAVE_MBSTATE_T 1
| #define HAVE_ATTR_ALLOC_SIZE 1
| #define HAVE_ATTR_ACCESS 1
| #define HAVE_ATTR_NONNULL 1
| #define HAVE_ATTR_RETNONNULL 1
| #define HAVE_BUILTIN_CTZ 1
| #define HAVE_CLOCK_GETTIME 1
| #define HAVE_DLADDR 1
| #define HAVE_FACCESSAT 1
| #define HAVE_FSTATAT 1
| #define HAVE_MEMFD_CREATE 1
| #define HAVE_OPENAT 1
| #define HAVE_READLINKAT 1
| #define HAVE_SCHED_GETSCHEDULER 1
| #define HAVE_SCHED_SETSCHEDULER 1
| #define HAVE_STRCHRNUL 1
| #define HAVE_LIBNCURSESW 1
| #define HAVE_NCURSESW_CURSES_H 1
| #define HAVE_NCURSESW_TERM_H 1
| #define HAVE_SET_ESCDELAY 1
| #define HAVE_GETMOUSE 1
| #define NCURSES_ENABLE_STDBOOL_H 1
| #define HAVE_AFFINITY 1
| #define OSRELEASEFILE "/etc/os-release"
| #define CONFIGDIR "/.config"
| #define PROCDIR "/proc"
| /* end confdefs.h.  */
| 
| /* Override any GCC internal prototype to avoid an error.
|    Use char because int might match the return type of a GCC
|    builtin and then its argument prototype would still apply.  */
| char cap_init ();
| int
| main (void)
| {
| return cap_init ();
|   ;
|   return 0;
| }
configure:9395: result: no
configure:9409: checking for sys/capability.h
configure:9409: gcc -c -g -O2  conftest.c >&5
conftest.c:104:10: fatal error: sys/capability.h: No such file or directory
  104 | #include <sys/capability.h>
      |          ^~~~~~~~~~~~~~~~~~
compilation terminated.
configure:9409: $? = 1
configure: failed program was:
| /* confdefs.h */
| #define PACKAGE_NAME "htop"
| #define PACKAGE_TARNAME "htop"
| #define PACKAGE_VERSION "3.4.1"
| #define PACKAGE_STRING "htop 3.4.1"
| #define PACKAGE_BUGREPORT "htop@groups.io"
| #define PACKAGE_URL "https://htop.dev/"
| #define PACKAGE "htop"
| #define VERSION "3.4.1"
| #define HTOP_LINUX /**/
| #define HAVE_STDIO_H 1
| #define HAVE_STDLIB_H 1
| #define HAVE_STRING_H 1
| #define HAVE_INTTYPES_H 1
| #define HAVE_STDINT_H 1
| #define HAVE_STRINGS_H 1
| #define HAVE_SYS_STAT_H 1
| #define HAVE_SYS_TYPES_H 1
| #define HAVE_UNISTD_H 1
| #define HAVE_WCHAR_H 1
| #define STDC_HEADERS 1
| #define _ALL_SOURCE 1
| #define _DARWIN_C_SOURCE 1
| #define _GNU_SOURCE 1
| #define _HPUX_ALT_XOPEN_SOCKET_API 1
| #define _NETBSD_SOURCE 1
| #define _OPENBSD_SOURCE 1
| #define _POSIX_PTHREAD_SEMANTICS 1
| #define __STDC_WANT_IEC_60559_ATTRIBS_EXT__ 1
| #define __STDC_WANT_IEC_60559_BFP_EXT__ 1
| #define __STDC_WANT_IEC_60559_DFP_EXT__ 1
| #define __STDC_WANT_IEC_60559_FUNCS_EXT__ 1
| #define __STDC_WANT_IEC_60559_TYPES_EXT__ 1
| #define __STDC_WANT_LIB_EXT2__ 1
| #define __STDC_WANT_MATH_SPEC_FUNCS__ 1
| #define _TANDEM_SOURCE 1
| #define __EXTENSIONS__ 1
| #define _XOPEN_SOURCE_EXTENDED 1
| #define HAVE_DIRENT_H 1
| #define HAVE_STDLIB_H 1
| #define HAVE_STRING_H 1
| #define HAVE_STRINGS_H 1
| #define HAVE_SYS_PARAM_H 1
| #define HAVE_SYS_TIME_H 1
| #define HAVE_SYS_UTSNAME_H 1
| #define HAVE_UNISTD_H 1
| #define MAJOR_IN_SYSMACROS 1
| #define HAVE_EXECINFO_H 1
| #define HAVE_MBSTATE_T 1
| #define HAVE_ATTR_ALLOC_SIZE 1
| #define HAVE_ATTR_ACCESS 1
| #define HAVE_ATTR_NONNULL 1
| #define HAVE_ATTR_RETNONNULL 1
| #define HAVE_BUILTIN_CTZ 1
| #define HAVE_CLOCK_GETTIME 1
| #define HAVE_DLADDR 1
| #define HAVE_FACCESSAT 1
| #define HAVE_FSTATAT 1
| #define HAVE_MEMFD_CREATE 1
| #define HAVE_OPENAT 1
| #define HAVE_READLINKAT 1
| #define HAVE_SCHED_GETSCHEDULER 1
| #define HAVE_SCHED_SETSCHEDULER 1
| #define HAVE_STRCHRNUL 1
| #define HAVE_LIBNCURSESW 1
| #define HAVE_NCURSESW_CURSES_H 1
| #define HAVE_NCURSESW_TERM_H 1
| #define HAVE_SET_ESCDELAY 1
| #define HAVE_GETMOUSE 1
| #define NCURSES_ENABLE_STDBOOL_H 1
| #define HAVE_AFFINITY 1
| #define OSRELEASEFILE "/etc/os-release"
| #define CONFIGDIR "/.config"
| #define PROCDIR "/proc"
| /* end confdefs.h.  */
| #include <stddef.h>
| #ifdef HAVE_STDIO_H
| # include <stdio.h>
| #endif
| #ifdef HAVE_STDLIB_H
| # include <stdlib.h>
| #endif
| #ifdef HAVE_STRING_H
| # include <string.h>
| #endif
| #ifdef HAVE_INTTYPES_H
| # include <inttypes.h>
| #endif
| #ifdef HAVE_STDINT_H
| # include <stdint.h>
| #endif
| #ifdef HAVE_STRINGS_H
| # include <strings.h>
| #endif
| #ifdef HAVE_SYS_TYPES_H
| # include <sys/types.h>
| #endif
| #ifdef HAVE_SYS_STAT_H
| # include <sys/stat.h>
| #endif
| #ifdef HAVE_UNISTD_H
| # include <unistd.h>
| #endif
| #include <sys/capability.h>
configure:9409: result: no
configure:9507: checking for netlink/attr.h
configure:9507: gcc -c -g -O2 -I/usr/include/libnl3  conftest.c >&5
conftest.c:104:10: fatal error: netlink/attr.h: No such file or directory
  104 | #include <netlink/attr.h>
      |          ^~~~~~~~~~~~~~~~
compilation terminated.
configure:9507: $? = 1
configure: failed program was:
| /* confdefs.h */
| #define PACKAGE_NAME "htop"
| #define PACKAGE_TARNAME "htop"
| #define PACKAGE_VERSION "3.4.1"
| #define PACKAGE_STRING "htop 3.4.1"
| #define PACKAGE_BUGREPORT "htop@groups.io"
| #define PACKAGE_URL "https://htop.dev/"
| #define PACKAGE "htop"
| #define VERSION "3.4.1"
| #define HTOP_LINUX /**/
| #define HAVE_STDIO_H 1
| #define HAVE_STDLIB_H 1
| #define HAVE_STRING_H 1
| #define HAVE_INTTYPES_H 1
| #define HAVE_STDINT_H 1
| #define HAVE_STRINGS_H 1
| #define HAVE_SYS_STAT_H 1
| #define HAVE_SYS_TYPES_H 1
| #define HAVE_UNISTD_H 1
| #define HAVE_WCHAR_H 1
| #define STDC_HEADERS 1
| #define _ALL_SOURCE 1
| #define _DARWIN_C_SOURCE 1
| #define _GNU_SOURCE 1
| #define _HPUX_ALT_XOPEN_SOCKET_API 1
| #define _NETBSD_SOURCE 1
| #define _OPENBSD_SOURCE 1
| #define _POSIX_PTHREAD_SEMANTICS 1
| #define __STDC_WANT_IEC_60559_ATTRIBS_EXT__ 1
| #define __STDC_WANT_IEC_60559_BFP_EXT__ 1
| #define __STDC_WANT_IEC_60559_DFP_EXT__ 1
| #define __STDC_WANT_IEC_60559_FUNCS_EXT__ 1
| #define __STDC_WANT_IEC_60559_TYPES_EXT__ 1
| #define __STDC_WANT_LIB_EXT2__ 1
| #define __STDC_WANT_MATH_SPEC_FUNCS__ 1
| #define _TANDEM_SOURCE 1
| #define __EXTENSIONS__ 1
| #define _XOPEN_SOURCE_EXTENDED 1
| #define HAVE_DIRENT_H 1
| #define HAVE_STDLIB_H 1
| #define HAVE_STRING_H 1
| #define HAVE_STRINGS_H 1
| #define HAVE_SYS_PARAM_H 1
| #define HAVE_SYS_TIME_H 1
| #define HAVE_SYS_UTSNAME_H 1
| #define HAVE_UNISTD_H 1
| #define MAJOR_IN_SYSMACROS 1
| #define HAVE_EXECINFO_H 1
| #define HAVE_MBSTATE_T 1
| #define HAVE_ATTR_ALLOC_SIZE 1
| #define HAVE_ATTR_ACCESS 1
| #define HAVE_ATTR_NONNULL 1
| #define HAVE_ATTR_RETNONNULL 1
| #define HAVE_BUILTIN_CTZ 1
| #define HAVE_CLOCK_GETTIME 1
| #define HAVE_DLADDR 1
| #define HAVE_FACCESSAT 1
| #define HAVE_FSTATAT 1
| #define HAVE_MEMFD_CREATE 1
| #define HAVE_OPENAT 1
| #define HAVE_READLINKAT 1
| #define HAVE_SCHED_GETSCHEDULER 1
| #define HAVE_SCHED_SETSCHEDULER 1
| #define HAVE_STRCHRNUL 1
| #define HAVE_LIBNCURSESW 1
| #define HAVE_NCURSESW_CURSES_H 1
| #define HAVE_NCURSESW_TERM_H 1
| #define HAVE_SET_ESCDELAY 1
| #define HAVE_GETMOUSE 1
| #define NCURSES_ENABLE_STDBOOL_H 1
| #define HAVE_AFFINITY 1
| #define OSRELEASEFILE "/etc/os-release"
| #define CONFIGDIR "/.config"
| #define PROCDIR "/proc"
| /* end confdefs.h.  */
| #include <stddef.h>
| #ifdef HAVE_STDIO_H
| # include <stdio.h>
| #endif
| #ifdef HAVE_STDLIB_H
| # include <stdlib.h>
| #endif
| #ifdef HAVE_STRING_H
| # include <string.h>
| #endif
| #ifdef HAVE_INTTYPES_H
| # include <inttypes.h>
| #endif
| #ifdef HAVE_STDINT_H
| # include <stdint.h>
| #endif
| #ifdef HAVE_STRINGS_H
| # include <strings.h>
| #endif
| #ifdef HAVE_SYS_TYPES_H
| # include <sys/types.h>
| #endif
| #ifdef HAVE_SYS_STAT_H
| # include <sys/stat.h>
| #endif
| #ifdef HAVE_UNISTD_H
| # include <unistd.h>
| #endif
| #include <netlink/attr.h>
configure:9507: result: no
configure:9507: checking for netlink/handlers.h
configure:9507: gcc -c -g -O2 -I/usr/include/libnl3  conftest.c >&5
conftest.c:104:10: fatal error: netlink/handlers.h: No such file or directory
  104 | #include <netlink/handlers.h>
      |          ^~~~~~~~~~~~~~~~~~~~
compilation terminated.
configure:9507: $? = 1
configure: failed program was:
| /* confdefs.h */
| #define PACKAGE_NAME "htop"
| #define PACKAGE_TARNAME "htop"
| #define PACKAGE_VERSION "3.4.1"
| #define PACKAGE_STRING "htop 3.4.1"
| #define PACKAGE_BUGREPORT "htop@groups.io"
| #define PACKAGE_URL "https://htop.dev/"
| #define PACKAGE "htop"
| #define VERSION "3.4.1"
| #define HTOP_LINUX /**/
| #define HAVE_STDIO_H 1
| #define HAVE_STDLIB_H 1
| #define HAVE_STRING_H 1
| #define HAVE_INTTYPES_H 1
| #define HAVE_STDINT_H 1
| #define HAVE_STRINGS_H 1
| #define HAVE_SYS_STAT_H 1
| #define HAVE_SYS_TYPES_H 1
| #define HAVE_UNISTD_H 1
| #define HAVE_WCHAR_H 1
| #define STDC_HEADERS 1
| #define _ALL_SOURCE 1
| #define _DARWIN_C_SOURCE 1
| #define _GNU_SOURCE 1
| #define _HPUX_ALT_XOPEN_SOCKET_API 1
| #define _NETBSD_SOURCE 1
| #define _OPENBSD_SOURCE 1
| #define _POSIX_PTHREAD_SEMANTICS 1
| #define __STDC_WANT_IEC_60559_ATTRIBS_EXT__ 1
| #define __STDC_WANT_IEC_60559_BFP_EXT__ 1
| #define __STDC_WANT_IEC_60559_DFP_EXT__ 1
| #define __STDC_WANT_IEC_60559_FUNCS_EXT__ 1
| #define __STDC_WANT_IEC_60559_TYPES_EXT__ 1
| #define __STDC_WANT_LIB_EXT2__ 1
| #define __STDC_WANT_MATH_SPEC_FUNCS__ 1
| #define _TANDEM_SOURCE 1
| #define __EXTENSIONS__ 1
| #define _XOPEN_SOURCE_EXTENDED 1
| #define HAVE_DIRENT_H 1
| #define HAVE_STDLIB_H 1
| #define HAVE_STRING_H 1
| #define HAVE_STRINGS_H 1
| #define HAVE_SYS_PARAM_H 1
| #define HAVE_SYS_TIME_H 1
| #define HAVE_SYS_UTSNAME_H 1
| #define HAVE_UNISTD_H 1
| #define MAJOR_IN_SYSMACROS 1
| #define HAVE_EXECINFO_H 1
| #define HAVE_MBSTATE_T 1
| #define HAVE_ATTR_ALLOC_SIZE 1
| #define HAVE_ATTR_ACCESS 1
| #define HAVE_ATTR_NONNULL 1
| #define HAVE_ATTR_RETNONNULL 1
| #define HAVE_BUILTIN_CTZ 1
| #define HAVE_CLOCK_GETTIME 1
| #define HAVE_DLADDR 1
| #define HAVE_FACCESSAT 1
| #define HAVE_FSTATAT 1
| #define HAVE_MEMFD_CREATE 1
| #define HAVE_OPENAT 1
| #define HAVE_READLINKAT 1
| #define HAVE_SCHED_GETSCHEDULER 1
| #define HAVE_SCHED_SETSCHEDULER 1
| #define HAVE_STRCHRNUL 1
| #define HAVE_LIBNCURSESW 1
| #define HAVE_NCURSESW_CURSES_H 1
| #define HAVE_NCURSESW_TERM_H 1
| #define HAVE_SET_ESCDELAY 1
| #define HAVE_GETMOUSE 1
| #define NCURSES_ENABLE_STDBOOL_H 1
| #define HAVE_AFFINITY 1
| #define OSRELEASEFILE "/etc/os-release"
| #define CONFIGDIR "/.config"
| #define PROCDIR "/proc"
| /* end confdefs.h.  */
| #include <stddef.h>
| #ifdef HAVE_STDIO_H
| # include <stdio.h>
| #endif
| #ifdef HAVE_STDLIB_H
| # include <stdlib.h>
| #endif
| #ifdef HAVE_STRING_H
| # include <string.h>
| #endif
| #ifdef HAVE_INTTYPES_H
| # include <inttypes.h>
| #endif
| #ifdef HAVE_STDINT_H
| # include <stdint.h>
| #endif
| #ifdef HAVE_STRINGS_H
| # include <strings.h>
| #endif
| #ifdef HAVE_SYS_TYPES_H
| # include <sys/types.h>
| #endif
| #ifdef HAVE_SYS_STAT_H
| # include <sys/stat.h>
| #endif
| #ifdef HAVE_UNISTD_H
| # include <unistd.h>
| #endif
| #include <netlink/handlers.h>
configure:9507: result: no
configure:9507: checking for netlink/msg.h
configure:9507: gcc -c -g -O2 -I/usr/include/libnl3  conftest.c >&5
conftest.c:104:10: fatal error: netlink/msg.h: No such file or directory
  104 | #include <netlink/msg.h>
      |          ^~~~~~~~~~~~~~~
compilation terminated.
configure:9507: $? = 1
configure: failed program was:
| /* confdefs.h */
| #define PACKAGE_NAME "htop"
| #define PACKAGE_TARNAME "htop"
| #define PACKAGE_VERSION "3.4.1"
| #define PACKAGE_STRING "htop 3.4.1"
| #define PACKAGE_BUGREPORT "htop@groups.io"
| #define PACKAGE_URL "https://htop.dev/"
| #define PACKAGE "htop"
| #define VERSION "3.4.1"
| #define HTOP_LINUX /**/
| #define HAVE_STDIO_H 1
| #define HAVE_STDLIB_H 1
| #define HAVE_STRING_H 1
| #define HAVE_INTTYPES_H 1
| #define HAVE_STDINT_H 1
| #define HAVE_STRINGS_H 1
| #define HAVE_SYS_STAT_H 1
| #define HAVE_SYS_TYPES_H 1
| #define HAVE_UNISTD_H 1
| #define HAVE_WCHAR_H 1
| #define STDC_HEADERS 1
| #define _ALL_SOURCE 1
| #define _DARWIN_C_SOURCE 1
| #define _GNU_SOURCE 1
| #define _HPUX_ALT_XOPEN_SOCKET_API 1
| #define _NETBSD_SOURCE 1
| #define _OPENBSD_SOURCE 1
| #define _POSIX_PTHREAD_SEMANTICS 1
| #define __STDC_WANT_IEC_60559_ATTRIBS_EXT__ 1
| #define __STDC_WANT_IEC_60559_BFP_EXT__ 1
| #define __STDC_WANT_IEC_60559_DFP_EXT__ 1
| #define __STDC_WANT_IEC_60559_FUNCS_EXT__ 1
| #define __STDC_WANT_IEC_60559_TYPES_EXT__ 1
| #define __STDC_WANT_LIB_EXT2__ 1
| #define __STDC_WANT_MATH_SPEC_FUNCS__ 1
| #define _TANDEM_SOURCE 1
| #define __EXTENSIONS__ 1
| #define _XOPEN_SOURCE_EXTENDED 1
| #define HAVE_DIRENT_H 1
| #define HAVE_STDLIB_H 1
| #define HAVE_STRING_H 1
| #define HAVE_STRINGS_H 1
| #define HAVE_SYS_PARAM_H 1
| #define HAVE_SYS_TIME_H 1
| #define HAVE_SYS_UTSNAME_H 1
| #define HAVE_UNISTD_H 1
| #define MAJOR_IN_SYSMACROS 1
| #define HAVE_EXECINFO_H 1
| #define HAVE_MBSTATE_T 1
| #define HAVE_ATTR_ALLOC_SIZE 1
| #define HAVE_ATTR_ACCESS 1
| #define HAVE_ATTR_NONNULL 1
| #define HAVE_ATTR_RETNONNULL 1
| #define HAVE_BUILTIN_CTZ 1
| #define HAVE_CLOCK_GETTIME 1
| #define HAVE_DLADDR 1
| #define HAVE_FACCESSAT 1
| #define HAVE_FSTATAT 1
| #define HAVE_MEMFD_CREATE 1
| #define HAVE_OPENAT 1
| #define HAVE_READLINKAT 1
| #define HAVE_SCHED_GETSCHEDULER 1
| #define HAVE_SCHED_SETSCHEDULER 1
| #define HAVE_STRCHRNUL 1
| #define HAVE_LIBNCURSESW 1
| #define HAVE_NCURSESW_CURSES_H 1
| #define HAVE_NCURSESW_TERM_H 1
| #define HAVE_SET_ESCDELAY 1
| #define HAVE_GETMOUSE 1
| #define NCURSES_ENABLE_STDBOOL_H 1
| #define HAVE_AFFINITY 1
| #define OSRELEASEFILE "/etc/os-release"
| #define CONFIGDIR "/.config"
| #define PROCDIR "/proc"
| /* end confdefs.h.  */
| #include <stddef.h>
| #ifdef HAVE_STDIO_H
| # include <stdio.h>
| #endif
| #ifdef HAVE_STDLIB_H
| # include <stdlib.h>
| #endif
| #ifdef HAVE_STRING_H
| # include <string.h>
| #endif
| #ifdef HAVE_INTTYPES_H
| # include <inttypes.h>
| #endif
| #ifdef HAVE_STDINT_H
| # include <stdint.h>
| #endif
| #ifdef HAVE_STRINGS_H
| # include <strings.h>
| #endif
| #ifdef HAVE_SYS_TYPES_H
| # include <sys/types.h>
| #endif
| #ifdef HAVE_SYS_STAT_H
| # include <sys/stat.h>
| #endif
| #ifdef HAVE_UNISTD_H
| # include <unistd.h>
| #endif
| #include <netlink/msg.h>
configure:9507: result: no
configure:9624: checking for sensors/sensors.h
configure:9624: gcc -c -g -O2  conftest.c >&5
conftest.c:104:10: fatal error: sensors/sensors.h: No such file or directory
  104 | #include <sensors/sensors.h>
      |          ^~~~~~~~~~~~~~~~~~~
compilation terminated.
configure:9624: $? = 1
configure: failed program was:
| /* confdefs.h */
| #define PACKAGE_NAME "htop"
| #define PACKAGE_TARNAME "htop"
| #define PACKAGE_VERSION "3.4.1"
| #define PACKAGE_STRING "htop 3.4.1"
| #define PACKAGE_BUGREPORT "htop@groups.io"
| #define PACKAGE_URL "https://htop.dev/"
| #define PACKAGE "htop"
| #define VERSION "3.4.1"
| #define HTOP_LINUX /**/
| #define HAVE_STDIO_H 1
| #define HAVE_STDLIB_H 1
| #define HAVE_STRING_H 1
| #define HAVE_INTTYPES_H 1
| #define HAVE_STDINT_H 1
| #define HAVE_STRINGS_H 1
| #define HAVE_SYS_STAT_H 1
| #define HAVE_SYS_TYPES_H 1
| #define HAVE_UNISTD_H 1
| #define HAVE_WCHAR_H 1
| #define STDC_HEADERS 1
| #define _ALL_SOURCE 1
| #define _DARWIN_C_SOURCE 1
| #define _GNU_SOURCE 1
| #define _HPUX_ALT_XOPEN_SOCKET_API 1
| #define _NETBSD_SOURCE 1
| #define _OPENBSD_SOURCE 1
| #define _POSIX_PTHREAD_SEMANTICS 1
| #define __STDC_WANT_IEC_60559_ATTRIBS_EXT__ 1
| #define __STDC_WANT_IEC_60559_BFP_EXT__ 1
| #define __STDC_WANT_IEC_60559_DFP_EXT__ 1
| #define __STDC_WANT_IEC_60559_FUNCS_EXT__ 1
| #define __STDC_WANT_IEC_60559_TYPES_EXT__ 1
| #define __STDC_WANT_LIB_EXT2__ 1
| #define __STDC_WANT_MATH_SPEC_FUNCS__ 1
| #define _TANDEM_SOURCE 1
| #define __EXTENSIONS__ 1
| #define _XOPEN_SOURCE_EXTENDED 1
| #define HAVE_DIRENT_H 1
| #define HAVE_STDLIB_H 1
| #define HAVE_STRING_H 1
| #define HAVE_STRINGS_H 1
| #define HAVE_SYS_PARAM_H 1
| #define HAVE_SYS_TIME_H 1
| #define HAVE_SYS_UTSNAME_H 1
| #define HAVE_UNISTD_H 1
| #define MAJOR_IN_SYSMACROS 1
| #define HAVE_EXECINFO_H 1
| #define HAVE_MBSTATE_T 1
| #define HAVE_ATTR_ALLOC_SIZE 1
| #define HAVE_ATTR_ACCESS 1
| #define HAVE_ATTR_NONNULL 1
| #define HAVE_ATTR_RETNONNULL 1
| #define HAVE_BUILTIN_CTZ 1
| #define HAVE_CLOCK_GETTIME 1
| #define HAVE_DLADDR 1
| #define HAVE_FACCESSAT 1
| #define HAVE_FSTATAT 1
| #define HAVE_MEMFD_CREATE 1
| #define HAVE_OPENAT 1
| #define HAVE_READLINKAT 1
| #define HAVE_SCHED_GETSCHEDULER 1
| #define HAVE_SCHED_SETSCHEDULER 1
| #define HAVE_STRCHRNUL 1
| #define HAVE_LIBNCURSESW 1
| #define HAVE_NCURSESW_CURSES_H 1
| #define HAVE_NCURSESW_TERM_H 1
| #define HAVE_SET_ESCDELAY 1
| #define HAVE_GETMOUSE 1
| #define NCURSES_ENABLE_STDBOOL_H 1
| #define HAVE_AFFINITY 1
| #define OSRELEASEFILE "/etc/os-release"
| #define CONFIGDIR "/.config"
| #define PROCDIR "/proc"
| /* end confdefs.h.  */
| #include <stddef.h>
| #ifdef HAVE_STDIO_H
| # include <stdio.h>
| #endif
| #ifdef HAVE_STDLIB_H
| # include <stdlib.h>
| #endif
| #ifdef HAVE_STRING_H
| # include <string.h>
| #endif
| #ifdef HAVE_INTTYPES_H
| # include <inttypes.h>
| #endif
| #ifdef HAVE_STDINT_H
| # include <stdint.h>
| #endif
| #ifdef HAVE_STRINGS_H
| # include <strings.h>
| #endif
| #ifdef HAVE_SYS_TYPES_H
| # include <sys/types.h>
| #endif
| #ifdef HAVE_SYS_STAT_H
| # include <sys/stat.h>
| #endif
| #ifdef HAVE_UNISTD_H
| # include <unistd.h>
| #endif
| #include <sensors/sensors.h>
configure:9624: result: no
configure:9733: checking whether C compiler accepts -Wextra-semi-stmt
configure:9753: gcc -c -g -O2 -Werror=unknown-warning-option -Wextra-semi-stmt  conftest.c >&5
gcc: error: unrecognized command-line option '-Wextra-semi-stmt'; did you mean '-Wextra-semi'?
configure:9753: $? = 1
configure: failed program was:
| /* confdefs.h */
| #define PACKAGE_NAME "htop"
| #define PACKAGE_TARNAME "htop"
| #define PACKAGE_VERSION "3.4.1"
| #define PACKAGE_STRING "htop 3.4.1"
| #define PACKAGE_BUGREPORT "htop@groups.io"
| #define PACKAGE_URL "https://htop.dev/"
| #define PACKAGE "htop"
| #define VERSION "3.4.1"
| #define HTOP_LINUX /**/
| #define HAVE_STDIO_H 1
| #define HAVE_STDLIB_H 1
| #define HAVE_STRING_H 1
| #define HAVE_INTTYPES_H 1
| #define HAVE_STDINT_H 1
| #define HAVE_STRINGS_H 1
| #define HAVE_SYS_STAT_H 1
| #define HAVE_SYS_TYPES_H 1
| #define HAVE_UNISTD_H 1
| #define HAVE_WCHAR_H 1
| #define STDC_HEADERS 1
| #define _ALL_SOURCE 1
| #define _DARWIN_C_SOURCE 1
| #define _GNU_SOURCE 1
| #define _HPUX_ALT_XOPEN_SOCKET_API 1
| #define _NETBSD_SOURCE 1
| #define _OPENBSD_SOURCE 1
| #define _POSIX_PTHREAD_SEMANTICS 1
| #define __STDC_WANT_IEC_60559_ATTRIBS_EXT__ 1
| #define __STDC_WANT_IEC_60559_BFP_EXT__ 1
| #define __STDC_WANT_IEC_60559_DFP_EXT__ 1
| #define __STDC_WANT_IEC_60559_FUNCS_EXT__ 1
| #define __STDC_WANT_IEC_60559_TYPES_EXT__ 1
| #define __STDC_WANT_LIB_EXT2__ 1
| #define __STDC_WANT_MATH_SPEC_FUNCS__ 1
| #define _TANDEM_SOURCE 1
| #define __EXTENSIONS__ 1
| #define _XOPEN_SOURCE_EXTENDED 1
| #define HAVE_DIRENT_H 1
| #define HAVE_STDLIB_H 1
| #define HAVE_STRING_H 1
| #define HAVE_STRINGS_H 1
| #define HAVE_SYS_PARAM_H 1
| #define HAVE_SYS_TIME_H 1
| #define HAVE_SYS_UTSNAME_H 1
| #define HAVE_UNISTD_H 1
| #define MAJOR_IN_SYSMACROS 1
| #define HAVE_EXECINFO_H 1
| #define HAVE_MBSTATE_T 1
| #define HAVE_ATTR_ALLOC_SIZE 1
| #define HAVE_ATTR_ACCESS 1
| #define HAVE_ATTR_NONNULL 1
| #define HAVE_ATTR_RETNONNULL 1
| #define HAVE_BUILTIN_CTZ 1
| #define HAVE_CLOCK_GETTIME 1
| #define HAVE_DLADDR 1
| #define HAVE_FACCESSAT 1
| #define HAVE_FSTATAT 1
| #define HAVE_MEMFD_CREATE 1
| #define HAVE_OPENAT 1
| #define HAVE_READLINKAT 1
| #define HAVE_SCHED_GETSCHEDULER 1
| #define HAVE_SCHED_SETSCHEDULER 1
| #define HAVE_STRCHRNUL 1
| #define HAVE_LIBNCURSESW 1
| #define HAVE_NCURSESW_CURSES_H 1
| #define HAVE_NCURSESW_TERM_H 1
| #define HAVE_SET_ESCDELAY 1
| #define HAVE_GETMOUSE 1
| #define NCURSES_ENABLE_STDBOOL_H 1
| #define HAVE_AFFINITY 1
| #define OSRELEASEFILE "/etc/os-release"
| #define CONFIGDIR "/.config"
| #define PROCDIR "/proc"
| /* end confdefs.h.  */
| 
| int
| main (void)
| {
| 
|   ;
|   return 0;
| }
configure:9762: result: no
configure:9771: checking whether C compiler accepts -Wimplicit-int-conversion
configure:9791: gcc -c -g -O2 -Werror -Wimplicit-int-conversion  conftest.c >&5
gcc: error: unrecognized command-line option '-Wimplicit-int-conversion'; did you mean '-Wno-int-conversion'?
configure:9791: $? = 1
configure: failed program was:
| /* confdefs.h */
| #define PACKAGE_NAME "htop"
| #define PACKAGE_TARNAME "htop"
| #define PACKAGE_VERSION "3.4.1"
| #define PACKAGE_STRING "htop 3.4.1"
| #define PACKAGE_BUGREPORT "htop@groups.io"
| #define PACKAGE_URL "https://htop.dev/"
| #define PACKAGE "htop"
| #define VERSION "3.4.1"
| #define HTOP_LINUX /**/
| #define HAVE_STDIO_H 1
| #define HAVE_STDLIB_H 1
| #define HAVE_STRING_H 1
| #define HAVE_INTTYPES_H 1
| #define HAVE_STDINT_H 1
| #define HAVE_STRINGS_H 1
| #define HAVE_SYS_STAT_H 1
| #define HAVE_SYS_TYPES_H 1
| #define HAVE_UNISTD_H 1
| #define HAVE_WCHAR_H 1
| #define STDC_HEADERS 1
| #define _ALL_SOURCE 1
| #define _DARWIN_C_SOURCE 1
| #define _GNU_SOURCE 1
| #define _HPUX_ALT_XOPEN_SOCKET_API 1
| #define _NETBSD_SOURCE 1
| #define _OPENBSD_SOURCE 1
| #define _POSIX_PTHREAD_SEMANTICS 1
| #define __STDC_WANT_IEC_60559_ATTRIBS_EXT__ 1
| #define __STDC_WANT_IEC_60559_BFP_EXT__ 1
| #define __STDC_WANT_IEC_60559_DFP_EXT__ 1
| #define __STDC_WANT_IEC_60559_FUNCS_EXT__ 1
| #define __STDC_WANT_IEC_60559_TYPES_EXT__ 1
| #define __STDC_WANT_LIB_EXT2__ 1
| #define __STDC_WANT_MATH_SPEC_FUNCS__ 1
| #define _TANDEM_SOURCE 1
| #define __EXTENSIONS__ 1
| #define _XOPEN_SOURCE_EXTENDED 1
| #define HAVE_DIRENT_H 1
| #define HAVE_STDLIB_H 1
| #define HAVE_STRING_H 1
| #define HAVE_STRINGS_H 1
| #define HAVE_SYS_PARAM_H 1
| #define HAVE_SYS_TIME_H 1
| #define HAVE_SYS_UTSNAME_H 1
| #define HAVE_UNISTD_H 1
| #define MAJOR_IN_SYSMACROS 1
| #define HAVE_EXECINFO_H 1
| #define HAVE_MBSTATE_T 1
| #define HAVE_ATTR_ALLOC_SIZE 1
| #define HAVE_ATTR_ACCESS 1
| #define HAVE_ATTR_NONNULL 1
| #define HAVE_ATTR_RETNONNULL 1
| #define HAVE_BUILTIN_CTZ 1
| #define HAVE_CLOCK_GETTIME 1
| #define HAVE_DLADDR 1
| #define HAVE_FACCESSAT 1
| #define HAVE_FSTATAT 1
| #define HAVE_MEMFD_CREATE 1
| #define HAVE_OPENAT 1
| #define HAVE_READLINKAT 1
| #define HAVE_SCHED_GETSCHEDULER 1
| #define HAVE_SCHED_SETSCHEDULER 1
| #define HAVE_STRCHRNUL 1
| #define HAVE_LIBNCURSESW 1
| #define HAVE_NCURSESW_CURSES_H 1
| #define HAVE_NCURSESW_TERM_H 1
| #define HAVE_SET_ESCDELAY 1
| #define HAVE_GETMOUSE 1
| #define NCURSES_ENABLE_STDBOOL_H 1
| #define HAVE_AFFINITY 1
| #define OSRELEASEFILE "/etc/os-release"
| #define CONFIGDIR "/.config"
| #define PROCDIR "/proc"
| /* end confdefs.h.  */
| 
| int
| main (void)
| {
| 
|   ;
|   return 0;
| }
configure:9800: result: no
configure:9810: checking whether C compiler accepts -Wnull-dereference
configure:9830: gcc -c -g -O2 -Werror -Wnull-dereference  conftest.c >&5
configure:9830: $? = 0
configure:9839: result: yes
configure:9881: gcc -c -g -O2  conftest.c >&5
configure:9881: $? = 0
configure:10092: checking that generated files are newer than configure
configure:10098: result: done
configure:10165: creating ./config.status

## ---------------------- ##
## Running config.status. ##
## ---------------------- ##

This file was extended by htop config.status 3.4.1, which was
generated by GNU Autoconf 2.71.  Invocation command line was

  CONFIG_FILES    = 
  CONFIG_HEADERS  = 
  CONFIG_LINKS    = 
  CONFIG_COMMANDS = 
  $ ./config.status 

on gram

config.status:942: creating Makefile
config.status:942: creating htop.1
config.status:942: creating config.h
config.status:1171: executing depfiles commands
config.status:1248: cd .       && sed -e '/# am--include-marker/d' Makefile         | make -f - am--depfiles
config.status:1253: $? = 0
configure:11496: result:
  htop 3.4.1

  platform:                  linux (linux-gnu)
  os-release file:           /etc/os-release
  (Linux) proc directory:    /proc
  (Linux) openvz:            no
  (Linux) vserver:           no
  (Linux) ancient vserver:   no
  (Linux) delay accounting:  no
  (Linux) sensors:           no
  (Linux) capabilities:      no
  unicode:                   yes
  affinity:                  yes
  unwind:                    no
  hwloc:                     no
  debug:                     no
  static:                    no


## ---------------- ##
## Cache variables. ##
## ---------------- ##

ac_cv_build=x86_64-pc-linux-gnu
ac_cv_c_compiler_gnu=yes
ac_cv_c_uint16_t=yes
ac_cv_c_uint32_t=yes
ac_cv_c_uint64_t=yes
ac_cv_c_uint8_t=yes
ac_cv_env_CC_set=
ac_cv_env_CC_value=
ac_cv_env_CFLAGS_set=
ac_cv_env_CFLAGS_value=
ac_cv_env_CPPFLAGS_set=
ac_cv_env_CPPFLAGS_value=
ac_cv_env_CPP_set=
ac_cv_env_CPP_value=
ac_cv_env_CURSES_CFLAGS_set=
ac_cv_env_CURSES_CFLAGS_value=
ac_cv_env_CURSES_LIBS_set=
ac_cv_env_CURSES_LIBS_value=
ac_cv_env_LDFLAGS_set=
ac_cv_env_LDFLAGS_value=
ac_cv_env_LIBS_set=
ac_cv_env_LIBS_value=
ac_cv_env_build_alias_set=
ac_cv_env_build_alias_value=
ac_cv_env_host_alias_set=
ac_cv_env_host_alias_value=
ac_cv_env_target_alias_set=
ac_cv_env_target_alias_value=
ac_cv_func_clock_gettime=yes
ac_cv_func_dladdr=yes
ac_cv_func_faccessat=yes
ac_cv_func_fstatat=yes
ac_cv_func_getmouse=yes
ac_cv_func_host_get_clock_service=no
ac_cv_func_memfd_create=yes
ac_cv_func_openat=yes
ac_cv_func_readlinkat=yes
ac_cv_func_sched_getscheduler=yes
ac_cv_func_sched_setscheduler=yes
ac_cv_func_set_escdelay=yes
ac_cv_header_dirent_dirent_h=yes
ac_cv_header_execinfo_h=yes
ac_cv_header_inttypes_h=yes
ac_cv_header_libunwind_h=no
ac_cv_header_libunwind_libunwind_h=no
ac_cv_header_minix_config_h=no
ac_cv_header_ncursesw_curses_h=yes
ac_cv_header_ncursesw_term_h=yes
ac_cv_header_netlink_attr_h=no
ac_cv_header_netlink_handlers_h=no
ac_cv_header_netlink_msg_h=no
ac_cv_header_sensors_sensors_h=no
ac_cv_header_stdint_h=yes
ac_cv_header_stdio_h=yes
ac_cv_header_stdlib_h=yes
ac_cv_header_string_h=yes
ac_cv_header_strings_h=yes
ac_cv_header_sys_capability_h=no
ac_cv_header_sys_mkdev_h=no
ac_cv_header_sys_param_h=yes
ac_cv_header_sys_stat_h=yes
ac_cv_header_sys_sysmacros_h=yes
ac_cv_header_sys_time_h=yes
ac_cv_header_sys_types_h=yes
ac_cv_header_sys_utsname_h=yes
ac_cv_header_unistd_h=yes
ac_cv_header_wchar_h=yes
ac_cv_host=x86_64-pc-linux-gnu
ac_cv_lib_cap_cap_init=no
ac_cv_lib_unwind_backtrace=no
ac_cv_objext=o
ac_cv_path_EGREP='/usr/bin/grep -E'
ac_cv_path_GREP=/usr/bin/grep
ac_cv_path_install='/usr/bin/install -c'
ac_cv_path_mkdir=/usr/bin/mkdir
ac_cv_prog_AWK=mawk
ac_cv_prog_CPP='gcc -E'
ac_cv_prog_ac_ct_CC=gcc
ac_cv_prog_cc_c11=
ac_cv_prog_cc_g=yes
ac_cv_prog_cc_stdc=
ac_cv_prog_make_make_set=yes
ac_cv_safe_to_define___extensions__=yes
ac_cv_search_backtrace='none required'
ac_cv_search_ceil=-lm
ac_cv_search_clock_gettime='none required'
ac_cv_search_dlopen='none required'
ac_cv_search_opendir='none required'
ac_cv_should_define__xopen_source=no
ac_cv_sys_file_offset_bits=no
ac_cv_sys_largefile_CC=no
ac_cv_type_mbstate_t=yes
ac_cv_type_mode_t=yes
ac_cv_type_off_t=yes
ac_cv_type_pid_t=yes
ac_cv_type_size_t=yes
ac_cv_type_ssize_t=yes
ac_cv_type_uid_t=yes
am_cv_CC_dependencies_compiler_type=gcc3
am_cv_make_support_nested_variables=yes
am_cv_prog_cc_c_o=yes
ax_cv_check_cflags__Werror__Wimplicit_int_conversion=no
ax_cv_check_cflags__Werror__Wnull_dereference=yes
ax_cv_check_cflags__Werror_unknown_warning_option__Wextra_semi_stmt=no

## ----------------- ##
## Output variables. ##
## ----------------- ##

ACLOCAL='${SHELL} '\''/home/kwonsoyeon/다운로드/htop-3.4.1/build-aux/missing'\'' aclocal-1.16'
AMDEPBACKSLASH='\'
AMDEP_FALSE='#'
AMDEP_TRUE=''
AMTAR='$${TAR-tar}'
AM_BACKSLASH='\'
AM_CFLAGS='-std=c99 -pedantic -D_DEFAULT_SOURCE -D_XOPEN_SOURCE=600 -Wall -Wcast-align -Wcast-qual -Wextra -Wfloat-equal -Wformat=2 -Winit-self -Wmissing-format-attribute -Wmissing-noreturn -Wmissing-prototypes -Wpointer-arith -Wshadow -Wstrict-prototypes -Wundef -Wunused -Wwrite-strings -Wnull-dereference'
AM_CPPFLAGS=' -DNDEBUG'
AM_DEFAULT_V='$(AM_DEFAULT_VERBOSITY)'
AM_DEFAULT_VERBOSITY='1'
AM_V='$(V)'
AUTOCONF='${SHELL} '\''/home/kwonsoyeon/다운로드/htop-3.4.1/build-aux/missing'\'' autoconf'
AUTOHEADER='${SHELL} '\''/home/kwonsoyeon/다운로드/htop-3.4.1/build-aux/missing'\'' autoheader'
AUTOMAKE='${SHELL} '\''/home/kwonsoyeon/다운로드/htop-3.4.1/build-aux/missing'\'' automake-1.16'
AWK='mawk'
CC='gcc'
CCDEPMODE='depmode=gcc3'
CFLAGS='-g -O2'
CPP='gcc -E'
CPPFLAGS=''
CSCOPE='cscope'
CTAGS='ctags'
CURSES_CFLAGS=''
CURSES_LIBS=''
CYGPATH_W='echo'
DEFS='-DHAVE_CONFIG_H'
DEPDIR='.deps'
ECHO_C=''
ECHO_N='-n'
ECHO_T=''
EGREP='/usr/bin/grep -E'
ETAGS='etags'
EXEEXT=''
GREP='/usr/bin/grep'
HAVE_DELAYACCT_FALSE=''
HAVE_DELAYACCT_TRUE='#'
HTOP_DARWIN_FALSE=''
HTOP_DARWIN_TRUE='#'
HTOP_DRAGONFLYBSD_FALSE=''
HTOP_DRAGONFLYBSD_TRUE='#'
HTOP_FREEBSD_FALSE=''
HTOP_FREEBSD_TRUE='#'
HTOP_LINUX_FALSE='#'
HTOP_LINUX_TRUE=''
HTOP_NETBSD_FALSE=''
HTOP_NETBSD_TRUE='#'
HTOP_OPENBSD_FALSE=''
HTOP_OPENBSD_TRUE='#'
HTOP_PCP_FALSE=''
HTOP_PCP_TRUE='#'
HTOP_SOLARIS_FALSE=''
HTOP_SOLARIS_TRUE='#'
HTOP_UNSUPPORTED_FALSE=''
HTOP_UNSUPPORTED_TRUE='#'
INSTALL_DATA='${INSTALL} -m 644'
INSTALL_PROGRAM='${INSTALL}'
INSTALL_SCRIPT='${INSTALL}'
INSTALL_STRIP_PROGRAM='$(install_sh) -c -s'
LDFLAGS=''
LIBOBJS=''
LIBS='-lncursesw -ltinfo -lm '
LTLIBOBJS=''
MAKEINFO='${SHELL} '\''/home/kwonsoyeon/다운로드/htop-3.4.1/build-aux/missing'\'' makeinfo'
MKDIR_P='/usr/bin/mkdir -p'
OBJEXT='o'
PACKAGE='htop'
PACKAGE_BUGREPORT='htop@groups.io'
PACKAGE_NAME='htop'
PACKAGE_STRING='htop 3.4.1'
PACKAGE_TARNAME='htop'
PACKAGE_URL='https://htop.dev/'
PACKAGE_VERSION='3.4.1'
PATH_SEPARATOR=':'
SET_MAKE=''
SHELL='/bin/bash'
STRIP=''
VERSION='3.4.1'
ac_ct_CC='gcc'
am__EXEEXT_FALSE=''
am__EXEEXT_TRUE='#'
am__fastdepCC_FALSE='#'
am__fastdepCC_TRUE=''
am__include='include'
am__isrc=''
am__leading_dot='.'
am__nodep='_no'
am__quote=''
am__tar='$${TAR-tar} chof - "$$tardir"'
am__untar='$${TAR-tar} xf -'
bindir='${exec_prefix}/bin'
build='x86_64-pc-linux-gnu'
build_alias=''
build_cpu='x86_64'
build_os='linux-gnu'
build_vendor='pc'
datadir='${datarootdir}'
datarootdir='${prefix}/share'
docdir='${datarootdir}/doc/${PACKAGE_TARNAME}'
dvidir='${docdir}'
exec_prefix='${prefix}'
host='x86_64-pc-linux-gnu'
host_alias=''
host_cpu='x86_64'
host_os='linux-gnu'
host_vendor='pc'
htmldir='${docdir}'
includedir='${prefix}/include'
infodir='${datarootdir}/info'
install_sh='${SHELL} /home/kwonsoyeon/다운로드/htop-3.4.1/build-aux/install-sh'
libdir='${exec_prefix}/lib'
libexecdir='${exec_prefix}/libexec'
localedir='${datarootdir}/locale'
localstatedir='${prefix}/var'
mandir='${datarootdir}/man'
mkdir_p='$(MKDIR_P)'
my_htop_platform='linux'
oldincludedir='/usr/include'
pdfdir='${docdir}'
prefix='/usr/local'
program_transform_name='s,x,x,'
psdir='${docdir}'
runstatedir='${localstatedir}/run'
sbindir='${exec_prefix}/sbin'
sharedstatedir='${prefix}/com'
sysconfdir='${prefix}/etc'
target_alias=''

## ----------- ##
## confdefs.h. ##
## ----------- ##

/* confdefs.h */
#define PACKAGE_NAME "htop"
#define PACKAGE_TARNAME "htop"
#define PACKAGE_VERSION "3.4.1"
#define PACKAGE_STRING "htop 3.4.1"
#define PACKAGE_BUGREPORT "htop@groups.io"
#define PACKAGE_URL "https://htop.dev/"
#define PACKAGE "htop"
#define VERSION "3.4.1"
#define HTOP_LINUX /**/
#define HAVE_STDIO_H 1
#define HAVE_STDLIB_H 1
#define HAVE_STRING_H 1
#define HAVE_INTTYPES_H 1
#define HAVE_STDINT_H 1
#define HAVE_STRINGS_H 1
#define HAVE_SYS_STAT_H 1
#define HAVE_SYS_TYPES_H 1
#define HAVE_UNISTD_H 1
#define HAVE_WCHAR_H 1
#define STDC_HEADERS 1
#define _ALL_SOURCE 1
#define _DARWIN_C_SOURCE 1
#define _GNU_SOURCE 1
#define _HPUX_ALT_XOPEN_SOCKET_API 1
#define _NETBSD_SOURCE 1
#define _OPENBSD_SOURCE 1
#define _POSIX_PTHREAD_SEMANTICS 1
#define __STDC_WANT_IEC_60559_ATTRIBS_EXT__ 1
#define __STDC_WANT_IEC_60559_BFP_EXT__ 1
#define __STDC_WANT_IEC_60559_DFP_EXT__ 1
#define __STDC_WANT_IEC_60559_FUNCS_EXT__ 1
#define __STDC_WANT_IEC_60559_TYPES_EXT__ 1
#define __STDC_WANT_LIB_EXT2__ 1
#define __STDC_WANT_MATH_SPEC_FUNCS__ 1
#define _TANDEM_SOURCE 1
#define __EXTENSIONS__ 1
#define _XOPEN_SOURCE_EXTENDED 1
#define HAVE_DIRENT_H 1
#define HAVE_STDLIB_H 1
#define HAVE_STRING_H 1
#define HAVE_STRINGS_H 1
#define HAVE_SYS_PARAM_H 1
#define HAVE_SYS_TIME_H 1
#define HAVE_SYS_UTSNAME_H 1
#define HAVE_UNISTD_H 1
#define MAJOR_IN_SYSMACROS 1
#define HAVE_EXECINFO_H 1
#define HAVE_MBSTATE_T 1
#define HAVE_ATTR_ALLOC_SIZE 1
#define HAVE_ATTR_ACCESS 1
#define HAVE_ATTR_NONNULL 1
#define HAVE_ATTR_RETNONNULL 1
#define HAVE_BUILTIN_CTZ 1
#define HAVE_CLOCK_GETTIME 1
#define HAVE_DLADDR 1
#define HAVE_FACCESSAT 1
#define HAVE_FSTATAT 1
#define HAVE_MEMFD_CREATE 1
#define HAVE_OPENAT 1
#define HAVE_READLINKAT 1
#define HAVE_SCHED_GETSCHEDULER 1
#define HAVE_SCHED_SETSCHEDULER 1
#define HAVE_STRCHRNUL 1
#define HAVE_LIBNCURSESW 1
#define HAVE_NCURSESW_CURSES_H 1
#define HAVE_NCURSESW_TERM_H 1
#define HAVE_SET_ESCDELAY 1
#define HAVE_GETMOUSE 1
#define NCURSES_ENABLE_STDBOOL_H 1
#define HAVE_AFFINITY 1
#define OSRELEASEFILE "/etc/os-release"
#define CONFIGDIR "/.config"
#define PROCDIR "/proc"
#define COPYRIGHT "(C) 2004-2019 Hisham Muhammad. (C) 2020-2025 htop dev team."

configure: exit 0
